Using pre-set license
Built from '2022.2/staging' branch; Version is '2022.2.15f1 (30d813e1a2a9) revision 3201043'; Using compiler version '192829333'; Build Type 'Release'
OS: 'Windows 11  (10.0.22621) 64bit Professional' Language: 'zh' Physical Memory: 65327 MB
BatchMode: 1, IsHumanControllingUs: 0, StartBugReporterOnCrash: 0, Is64bit: 1, IsPro: 1

COMMAND LINE ARGUMENTS:
E:\_Software\Unity\2022.2.15f1\Editor\Unity.exe
-adb2
-batchMode
-noUpm
-name
AssetImportWorker8
-projectPath
E:/Git/SAS-Game-Dev/SASWebGame
-logFile
Logs/AssetImportWorker8.log
-srvPort
1657
Successfully changed project path to: E:/Git/SAS-Game-Dev/SASWebGame
E:/Git/SAS-Game-Dev/SASWebGame
[UnityMemory] Configuration Parameters - Can be set up in boot.config
    "memorysetup-bucket-allocator-granularity=16"
    "memorysetup-bucket-allocator-bucket-count=8"
    "memorysetup-bucket-allocator-block-size=33554432"
    "memorysetup-bucket-allocator-block-count=8"
    "memorysetup-main-allocator-block-size=16777216"
    "memorysetup-thread-allocator-block-size=16777216"
    "memorysetup-gfx-main-allocator-block-size=16777216"
    "memorysetup-gfx-thread-allocator-block-size=16777216"
    "memorysetup-cache-allocator-block-size=4194304"
    "memorysetup-typetree-allocator-block-size=2097152"
    "memorysetup-profiler-bucket-allocator-granularity=16"
    "memorysetup-profiler-bucket-allocator-bucket-count=8"
    "memorysetup-profiler-bucket-allocator-block-size=33554432"
    "memorysetup-profiler-bucket-allocator-block-count=8"
    "memorysetup-profiler-allocator-block-size=16777216"
    "memorysetup-profiler-editor-allocator-block-size=1048576"
    "memorysetup-temp-allocator-size-main=16777216"
    "memorysetup-job-temp-allocator-block-size=2097152"
    "memorysetup-job-temp-allocator-block-size-background=1048576"
    "memorysetup-job-temp-allocator-reduction-small-platforms=262144"
    "memorysetup-temp-allocator-size-background-worker=32768"
    "memorysetup-temp-allocator-size-job-worker=262144"
    "memorysetup-temp-allocator-size-preload-manager=33554432"
    "memorysetup-temp-allocator-size-nav-mesh-worker=65536"
    "memorysetup-temp-allocator-size-audio-worker=65536"
    "memorysetup-temp-allocator-size-cloud-worker=32768"
    "memorysetup-temp-allocator-size-gi-baking-worker=262144"
    "memorysetup-temp-allocator-size-gfx=262144"
Player connection [74744] Host "[IP] 192.168.1.2 [Port] 0 [Flags] 2 [Guid] 242681940 [EditorId] 242681940 [Version] 1048832 [Id] WindowsEditor(7,ALEKS-WIN) [Debug] 1 [PackageName] WindowsEditor [ProjectName] Editor" joined multi-casting on [225.0.0.222:54997]...

Player connection [74744] Host "[IP] 192.168.1.2 [Port] 0 [Flags] 2 [Guid] 242681940 [EditorId] 242681940 [Version] 1048832 [Id] WindowsEditor(7,ALEKS-WIN) [Debug] 1 [PackageName] WindowsEditor [ProjectName] Editor" joined alternative multi-casting on [225.0.0.222:34997]...

Refreshing native plugins compatible for Editor in 184.36 ms, found 3 plugins.
Preloading 0 native plugins for Editor in 0.00 ms.
Initialize engine version: 2022.2.15f1 (30d813e1a2a9)
[Subsystems] Discovering subsystems at path E:/_Software/Unity/2022.2.15f1/Editor/Data/Resources/UnitySubsystems
[Subsystems] Discovering subsystems at path E:/Git/SAS-Game-Dev/SASWebGame/Assets
GfxDevice: creating device client; threaded=0; jobified=0
Direct3D:
    Version:  Direct3D 11.0 [level 11.1]
    Renderer: NVIDIA GeForce RTX 4070 Ti (ID=0x2782)
    Vendor:   NVIDIA
    VRAM:     12010 MB
    Driver:   31.0.15.2849
Initialize mono
Mono path[0] = 'E:/_Software/Unity/2022.2.15f1/Editor/Data/Managed'
Mono path[1] = 'E:/_Software/Unity/2022.2.15f1/Editor/Data/MonoBleedingEdge/lib/mono/unityjit-win32'
Mono config path = 'E:/_Software/Unity/2022.2.15f1/Editor/Data/MonoBleedingEdge/etc'
Using monoOptions --debugger-agent=transport=dt_socket,embedding=1,server=y,suspend=n,address=127.0.0.1:56988
Begin MonoManager ReloadAssembly
Registering precompiled unity dll's ...
Register platform support module: E:/_Software/Unity/2022.2.15f1/Editor/Data/PlaybackEngines/WebGLSupport/UnityEditor.WebGL.Extensions.dll
Register platform support module: E:/_Software/Unity/2022.2.15f1/Editor/Data/PlaybackEngines/WindowsStandaloneSupport/UnityEditor.WindowsStandalone.Extensions.dll
Registered in 0.002486 seconds.
- Loaded All Assemblies, in  0.582 seconds
Native extension for WindowsStandalone target not found
Native extension for WebGL target not found
Mono: successfully reloaded assembly
- Finished resetting the current domain, in  0.169 seconds
Domain Reload Profiling:
	ReloadAssembly (289ms)
		BeginReloadAssembly (50ms)
			ExecutionOrderSort (0ms)
			DisableScriptedObjects (0ms)
			BackupInstance (0ms)
			ReleaseScriptingObjects (0ms)
			CreateAndSetChildDomain (0ms)
		LoadAllAssembliesAndSetupDomain (0ms)
			LoadAssemblies (50ms)
			RebuildTransferFunctionScriptingTraits (0ms)
			SetupTypeCache (291ms)
				TypeCache.Initialize (291ms)
					TypeCache.ScanAssembly (290ms)
				ResolveRequiredComponents (0ms)
		FinalizeReload (0ms)
			ReleaseScriptCaches (0ms)
			RebuildScriptCaches (0ms)
			SetupLoadedEditorAssemblies (135ms)
				LogAssemblyErrors (0ms)
				InitializePlatformSupportModulesInManaged (5ms)
				SetLoadedEditorAssemblies (3ms)
				RefreshPlugins (0ms)
				BeforeProcessingInitializeOnLoad (1ms)
				ProcessInitializeOnLoadAttributes (89ms)
				ProcessInitializeOnLoadMethodAttributes (37ms)
				AfterProcessingInitializeOnLoad (0ms)
				EditorAssembliesLoaded (0ms)
			ExecutionOrderSort2 (0ms)
			AwakeInstancesAfterBackupRestoration (0ms)
========================================================================
Worker process is ready to serve import requests
Begin MonoManager ReloadAssembly
Symbol file data-0000014CD67E44E0 doesn't match image E:\Git\SAS-Game-Dev\SASWebGame\Library\ScriptAssemblies\Unity.Services.Analytics.Editor.dll
Symbol file LoadedFromMemory is not a mono symbol file
Symbol file data-0000014CD67E44E0 doesn't match image E:\Git\SAS-Game-Dev\SASWebGame\Library\ScriptAssemblies\Unity.RenderPipelines.Core.Runtime.dll
Symbol file LoadedFromMemory is not a mono symbol file
Symbol file data-0000014CD67E9AF0 doesn't match image E:\Git\SAS-Game-Dev\SASWebGame\Library\ScriptAssemblies\Unity.AI.Navigation.dll
Symbol file LoadedFromMemory is not a mono symbol file
Symbol file data-0000014CD67E9AF0 doesn't match image E:\Git\SAS-Game-Dev\SASWebGame\Library\ScriptAssemblies\Unity.Burst.Editor.dll
Symbol file LoadedFromMemory is not a mono symbol file
Symbol file data-0000014CD67E9AF0 doesn't match image E:\Git\SAS-Game-Dev\SASWebGame\Library\ScriptAssemblies\Unity.Services.Core.Environments.Internal.dll
Symbol file LoadedFromMemory is not a mono symbol file
Symbol file data-0000014CD67F59B0 doesn't match image E:\Git\SAS-Game-Dev\SASWebGame\Library\ScriptAssemblies\Unity.Services.Core.dll
Symbol file LoadedFromMemory is not a mono symbol file
Symbol file data-0000014CD67F59B0 doesn't match image E:\Git\SAS-Game-Dev\SASWebGame\Library\ScriptAssemblies\Unity.Services.Core.Networking.dll
Symbol file LoadedFromMemory is not a mono symbol file
Symbol file data-0000014CD6809FC0 doesn't match image E:\Git\SAS-Game-Dev\SASWebGame\Library\ScriptAssemblies\Unity.Rider.Editor.dll
Symbol file LoadedFromMemory is not a mono symbol file
Symbol file data-0000014CD6809FC0 doesn't match image E:\Git\SAS-Game-Dev\SASWebGame\Library\ScriptAssemblies\Unity.2D.Sprite.Editor.dll
Symbol file LoadedFromMemory is not a mono symbol file
Symbol file data-0000014CD6F68020 doesn't match image E:\Git\SAS-Game-Dev\SASWebGame\Library\ScriptAssemblies\Unity.RenderPipelines.Core.Editor.dll
Symbol file LoadedFromMemory is not a mono symbol file
Symbol file data-0000014CD4AC2420 doesn't match image E:\Git\SAS-Game-Dev\SASWebGame\Library\ScriptAssemblies\UnityEditor.TestRunner.dll
Symbol file LoadedFromMemory is not a mono symbol file
Symbol file data-0000014CD6E7DC80 doesn't match image E:\Git\SAS-Game-Dev\SASWebGame\Library\ScriptAssemblies\Unity.VisualScripting.Flow.dll
Symbol file LoadedFromMemory is not a mono symbol file
Symbol file data-0000014CD680FBD0 doesn't match image E:\Git\SAS-Game-Dev\SASWebGame\Library\ScriptAssemblies\Unity.Mathematics.Editor.dll
Symbol file LoadedFromMemory is not a mono symbol file
Symbol file data-0000014CD4AC2420 doesn't match image E:\Git\SAS-Game-Dev\SASWebGame\Library\ScriptAssemblies\Unity.Services.Authentication.Editor.dll
Symbol file LoadedFromMemory is not a mono symbol file
Symbol file data-0000014CD4AC2420 doesn't match image E:\Git\SAS-Game-Dev\SASWebGame\Library\ScriptAssemblies\Unity.Services.Core.Scheduler.dll
Symbol file LoadedFromMemory is not a mono symbol file
Symbol file data-0000014CD4AC2420 doesn't match image E:\Git\SAS-Game-Dev\SASWebGame\Library\ScriptAssemblies\Unity.Services.Core.Environments.dll
Symbol file LoadedFromMemory is not a mono symbol file
Symbol file data-0000014CD4AD73D0 doesn't match image E:\Git\SAS-Game-Dev\SASWebGame\Library\ScriptAssemblies\Unity.Services.Core.Configuration.dll
Symbol file LoadedFromMemory is not a mono symbol file
Symbol file data-0000014CD4AC2420 doesn't match image E:\Git\SAS-Game-Dev\SASWebGame\Library\ScriptAssemblies\Unity.RenderPipelines.Core.ShaderLibrary.dll
Symbol file LoadedFromMemory is not a mono symbol file
Symbol file data-0000014CD4AC2420 doesn't match image E:\Git\SAS-Game-Dev\SASWebGame\Library\ScriptAssemblies\Unity.Services.CloudSave.Editor.dll
Symbol file LoadedFromMemory is not a mono symbol file
Symbol file data-0000014CD6FB2980 doesn't match image E:\Git\SAS-Game-Dev\SASWebGame\Library\ScriptAssemblies\Unity.Settings.Editor.dll
Symbol file LoadedFromMemory is not a mono symbol file
Symbol file data-0000014CD4AD73D0 doesn't match image E:\Git\SAS-Game-Dev\SASWebGame\Library\ScriptAssemblies\PPv2URPConverters.dll
Symbol file LoadedFromMemory is not a mono symbol file
Symbol file data-0000014CD48D8020 doesn't match image E:\Git\SAS-Game-Dev\SASWebGame\Library\ScriptAssemblies\Unity.TextMeshPro.dll
Symbol file LoadedFromMemory is not a mono symbol file
Symbol file data-0000014CD4AD73D0 doesn't match image E:\Git\SAS-Game-Dev\SASWebGame\Library\ScriptAssemblies\Unity.Services.Core.Analytics.dll
Symbol file LoadedFromMemory is not a mono symbol file
Symbol file data-0000014CD6EB0690 doesn't match image E:\Git\SAS-Game-Dev\SASWebGame\Library\ScriptAssemblies\Unity.Burst.CodeGen.dll
Symbol file LoadedFromMemory is not a mono symbol file
Symbol file data-0000014CD6D4C050 doesn't match image E:\Git\SAS-Game-Dev\SASWebGame\Library\ScriptAssemblies\Unity.AI.Navigation.Editor.ConversionSystem.dll
Symbol file LoadedFromMemory is not a mono symbol file
Symbol file data-0000014CD6D4C050 doesn't match image E:\Git\SAS-Game-Dev\SASWebGame\Library\ScriptAssemblies\Unity.VSCode.Editor.dll
Symbol file LoadedFromMemory is not a mono symbol file
Symbol file data-0000014CD48D8020 doesn't match image E:\Git\SAS-Game-Dev\SASWebGame\Library\ScriptAssemblies\Unity.RenderPipelines.Universal.Editor.dll
Symbol file LoadedFromMemory is not a mono symbol file
Symbol file data-0000014CD6EBC4A0 doesn't match image E:\Git\SAS-Game-Dev\SASWebGame\Library\ScriptAssemblies\Unity.RenderPipelines.ShaderGraph.ShaderGraphLibrary.dll
Symbol file LoadedFromMemory is not a mono symbol file
Symbol file data-0000014CD6EBC4A0 doesn't match image E:\Git\SAS-Game-Dev\SASWebGame\Library\ScriptAssemblies\Unity.Services.Core.Editor.dll
Symbol file LoadedFromMemory is not a mono symbol file
Symbol file data-0000014CD6A5B650 doesn't match image E:\Git\SAS-Game-Dev\SASWebGame\Library\ScriptAssemblies\Unity.EditorCoroutines.Editor.dll
Symbol file LoadedFromMemory is not a mono symbol file
Symbol file data-0000014CD48D8020 doesn't match image E:\Git\SAS-Game-Dev\SASWebGame\Library\ScriptAssemblies\Unity.RenderPipelines.Universal.Runtime.dll
Symbol file LoadedFromMemory is not a mono symbol file
Symbol file data-0000014CD48D8020 doesn't match image E:\Git\SAS-Game-Dev\SASWebGame\Library\ScriptAssemblies\Unity.PlasticSCM.Editor.dll
Symbol file LoadedFromMemory is not a mono symbol file
Symbol file data-0000014CD4C42430 doesn't match image E:\Git\SAS-Game-Dev\SASWebGame\Library\ScriptAssemblies\Unity.Burst.dll
Symbol file LoadedFromMemory is not a mono symbol file
Symbol file data-0000014CD6EC44B0 doesn't match image E:\Git\SAS-Game-Dev\SASWebGame\Library\ScriptAssemblies\Unity.Services.Core.Internal.dll
Symbol file LoadedFromMemory is not a mono symbol file
Symbol file data-0000014CD6EC44B0 doesn't match image E:\Git\SAS-Game-Dev\SASWebGame\Library\ScriptAssemblies\Unity.VisualScripting.Shared.Editor.dll
Symbol file LoadedFromMemory is not a mono symbol file
Symbol file data-0000014CD501D020 doesn't match image E:\Git\SAS-Game-Dev\SASWebGame\Library\ScriptAssemblies\Unity.Timeline.Editor.dll
Symbol file LoadedFromMemory is not a mono symbol file
Symbol file data-0000014CD4C62650 doesn't match image E:\Git\SAS-Game-Dev\SASWebGame\Library\ScriptAssemblies\Unity.Services.Core.Device.dll
Symbol file LoadedFromMemory is not a mono symbol file
Symbol file data-0000014CD6FE1C70 doesn't match image E:\Git\SAS-Game-Dev\SASWebGame\Library\ScriptAssemblies\Unity.ShaderGraph.Editor.dll
Symbol file LoadedFromMemory is not a mono symbol file
Symbol file data-0000014CD4C62650 doesn't match image E:\Git\SAS-Game-Dev\SASWebGame\Library\ScriptAssemblies\Unity.CollabProxy.Editor.dll
Symbol file LoadedFromMemory is not a mono symbol file
Symbol file data-0000014CD4C62650 doesn't match image E:\Git\SAS-Game-Dev\SASWebGame\Library\ScriptAssemblies\Unity.VisualStudio.Editor.dll
Symbol file LoadedFromMemory is not a mono symbol file
Symbol file data-0000014CD4C62650 doesn't match image E:\Git\SAS-Game-Dev\SASWebGame\Library\ScriptAssemblies\Unity.Services.Core.Threading.dll
Symbol file LoadedFromMemory is not a mono symbol file
Symbol file data-0000014CD4C62650 doesn't match image E:\Git\SAS-Game-Dev\SASWebGame\Library\ScriptAssemblies\UnityEditor.UI.dll
Symbol file LoadedFromMemory is not a mono symbol file
Symbol file data-0000014CD501D020 doesn't match image E:\Git\SAS-Game-Dev\SASWebGame\Library\ScriptAssemblies\Unity.VisualScripting.Core.dll
Symbol file LoadedFromMemory is not a mono symbol file
Symbol file data-0000014CD4CB8030 doesn't match image E:\Git\SAS-Game-Dev\SASWebGame\Library\ScriptAssemblies\UnityEngine.UI.dll
Symbol file LoadedFromMemory is not a mono symbol file
Symbol file data-0000014CD4CB8030 doesn't match image E:\Git\SAS-Game-Dev\SASWebGame\Library\ScriptAssemblies\Unity.VisualScripting.Core.Editor.dll
Symbol file LoadedFromMemory is not a mono symbol file
Symbol file data-0000014CD7338450 doesn't match image E:\Git\SAS-Game-Dev\SASWebGame\Library\ScriptAssemblies\Unity.Services.Core.Telemetry.dll
Symbol file LoadedFromMemory is not a mono symbol file
Symbol file data-0000014CD711B010 doesn't match image E:\Git\SAS-Game-Dev\SASWebGame\Library\ScriptAssemblies\Unity.VisualScripting.Flow.Editor.dll
Symbol file LoadedFromMemory is not a mono symbol file
Symbol file data-0000014CD6ECC4C0 doesn't match image E:\Git\SAS-Game-Dev\SASWebGame\Library\ScriptAssemblies\Unity.RenderPipeline.Universal.ShaderLibrary.dll
Symbol file LoadedFromMemory is not a mono symbol file
Symbol file data-0000014CD505E630 doesn't match image E:\Git\SAS-Game-Dev\SASWebGame\Library\ScriptAssemblies\Unity.Timeline.dll
Symbol file LoadedFromMemory is not a mono symbol file
Symbol file data-0000014CD7348460 doesn't match image E:\Git\SAS-Game-Dev\SASWebGame\Library\ScriptAssemblies\Unity.VisualScripting.SettingsProvider.Editor.dll
Symbol file LoadedFromMemory is not a mono symbol file
Symbol file data-0000014CD4D09440 doesn't match image E:\Git\SAS-Game-Dev\SASWebGame\Library\ScriptAssemblies\Unity.Services.Analytics.dll
Symbol file LoadedFromMemory is not a mono symbol file
Symbol file data-0000014CD7348460 doesn't match image E:\Git\SAS-Game-Dev\SASWebGame\Library\ScriptAssemblies\Unity.AI.Navigation.Updater.dll
Symbol file LoadedFromMemory is not a mono symbol file
Symbol file data-0000014CD4D09440 doesn't match image E:\Git\SAS-Game-Dev\SASWebGame\Library\ScriptAssemblies\UnityEngine.TestRunner.dll
Symbol file LoadedFromMemory is not a mono symbol file
Symbol file data-0000014CD4D19850 doesn't match image E:\Git\SAS-Game-Dev\SASWebGame\Library\ScriptAssemblies\Unity.Services.Authentication.dll
Symbol file LoadedFromMemory is not a mono symbol file
Symbol file data-0000014CD4D19850 doesn't match image E:\Git\SAS-Game-Dev\SASWebGame\Library\ScriptAssemblies\Unity.VisualScripting.State.Editor.dll
Symbol file LoadedFromMemory is not a mono symbol file
Symbol file data-0000014CD65EE010 doesn't match image E:\Git\SAS-Game-Dev\SASWebGame\Library\ScriptAssemblies\Unity.Mathematics.dll
Symbol file LoadedFromMemory is not a mono symbol file
Symbol file data-0000014CD7348460 doesn't match image E:\Git\SAS-Game-Dev\SASWebGame\Library\ScriptAssemblies\Unity.InternalAPIEditorBridgeDev.001.dll
Symbol file LoadedFromMemory is not a mono symbol file
Symbol file data-0000014CD7348460 doesn't match image E:\Git\SAS-Game-Dev\SASWebGame\Library\ScriptAssemblies\Unity.RenderPipelines.Universal.Shaders.dll
Symbol file LoadedFromMemory is not a mono symbol file
Symbol file data-0000014CD7178040 doesn't match image E:\Git\SAS-Game-Dev\SASWebGame\Library\ScriptAssemblies\Unity.TextMeshPro.Editor.dll
Symbol file LoadedFromMemory is not a mono symbol file
Symbol file data-0000014CD7178040 doesn't match image E:\Git\SAS-Game-Dev\SASWebGame\Library\ScriptAssemblies\Unity.Searcher.Editor.dll
Symbol file LoadedFromMemory is not a mono symbol file
Symbol file data-0000014CD6636A30 doesn't match image E:\Git\SAS-Game-Dev\SASWebGame\Library\ScriptAssemblies\Unity.AI.Navigation.Editor.dll
Symbol file LoadedFromMemory is not a mono symbol file
Symbol file data-0000014CD7185450 doesn't match image E:\Git\SAS-Game-Dev\SASWebGame\Library\ScriptAssemblies\Unity.Services.Core.Registration.dll
Symbol file LoadedFromMemory is not a mono symbol file
Symbol file data-0000014CD6654640 doesn't match image E:\Git\SAS-Game-Dev\SASWebGame\Library\ScriptAssemblies\Unity.Services.CloudSave.dll
Symbol file LoadedFromMemory is not a mono symbol file
Symbol file data-0000014CD6659400 doesn't match image E:\Git\SAS-Game-Dev\SASWebGame\Library\ScriptAssemblies\Unity.Services.Core.Configuration.Editor.dll
Symbol file LoadedFromMemory is not a mono symbol file
Symbol file data-0000014CD6FE1C70 doesn't match image E:\Git\SAS-Game-Dev\SASWebGame\Library\ScriptAssemblies\Unity.VisualScripting.State.dll
Symbol file LoadedFromMemory is not a mono symbol file
Symbol file data-0000014CD70069D0 doesn't match image E:\Git\SAS-Game-Dev\SASWebGame\Library\ScriptAssemblies\Unity.Play.Publisher.Editor.dll
Symbol file LoadedFromMemory is not a mono symbol file
Symbol file data-0000014CD703F3E0 doesn't match image E:\Git\SAS-Game-Dev\SASWebGame\Library\ScriptAssemblies\Unity.2D.Tilemap.Editor.dll
Symbol file LoadedFromMemory is not a mono symbol file
Symbol file data-0000014CD6FE1C70 doesn't match image E:\Git\SAS-Game-Dev\SASWebGame\Library\ScriptAssemblies\Unity.ShaderGraph.Utilities.dll
Symbol file LoadedFromMemory is not a mono symbol file
Symbol file LoadedFromMemory doesn't match image E:\Git\SAS-Game-Dev\SASWebGame\Library\PackageCache\com.unity.visualscripting@1.8.0\Editor\VisualScripting.Core\Dependencies\YamlDotNet\Unity.VisualScripting.YamlDotNet.dll
Symbol file LoadedFromMemory doesn't match image E:\Git\SAS-Game-Dev\SASWebGame\Library\PackageCache\com.unity.visualscripting@1.8.0\Editor\VisualScripting.Core\Dependencies\DotNetZip\Unity.VisualScripting.IonicZip.dll
- Loaded All Assemblies, in  0.461 seconds
Refreshing native plugins compatible for Editor in 2.10 ms, found 3 plugins.
Native extension for WindowsStandalone target not found
Native extension for WebGL target not found
Mono: successfully reloaded assembly
- Finished resetting the current domain, in  0.413 seconds
Domain Reload Profiling:
	ReloadAssembly (129ms)
		BeginReloadAssembly (77ms)
			ExecutionOrderSort (0ms)
			DisableScriptedObjects (3ms)
			BackupInstance (0ms)
			ReleaseScriptingObjects (0ms)
			CreateAndSetChildDomain (15ms)
		LoadAllAssembliesAndSetupDomain (332ms)
			LoadAssemblies (161ms)
			RebuildTransferFunctionScriptingTraits (0ms)
			SetupTypeCache (207ms)
				TypeCache.Initialize (179ms)
					TypeCache.ScanAssembly (176ms)
				ResolveRequiredComponents (9ms)
		FinalizeReload (0ms)
			ReleaseScriptCaches (0ms)
			RebuildScriptCaches (0ms)
			SetupLoadedEditorAssemblies (302ms)
				LogAssemblyErrors (0ms)
				InitializePlatformSupportModulesInManaged (3ms)
				SetLoadedEditorAssemblies (2ms)
				RefreshPlugins (0ms)
				BeforeProcessingInitializeOnLoad (45ms)
				ProcessInitializeOnLoadAttributes (198ms)
				ProcessInitializeOnLoadMethodAttributes (51ms)
				AfterProcessingInitializeOnLoad (1ms)
				EditorAssembliesLoaded (0ms)
			ExecutionOrderSort2 (0ms)
			AwakeInstancesAfterBackupRestoration (5ms)
Launched and connected shader compiler UnityShaderCompiler.exe after 0.07 seconds
Refreshing native plugins compatible for Editor in 1.70 ms, found 3 plugins.
Preloading 0 native plugins for Editor in 0.00 ms.
Unloading 6350 Unused Serialized files (Serialized files now loaded: 0)
Unloading 83 unused Assets / (79.6 KB). Loaded Objects now: 6806.
Memory consumption went from 224.4 MB to 224.3 MB.
Total: 2.670300 ms (FindLiveObjects: 0.321500 ms CreateObjectMapping: 0.201300 ms MarkObjects: 2.030500 ms  DeleteObjects: 0.116400 ms)

AssetImportParameters requested are different than current active one (requested -> active):
  custom:container-demuxer-ogg: 62fdf1f143b41e24485cea50d1cbac27 -> 
  custom:framework-win-MediaFoundation: 216162199b28c13a410421893ffa2e32 -> 
  custom:container-muxer-webm: aa71ff27fc2769a1b78a27578f13a17b -> 
  custom:video-decoder-webm-vp8: 9c59270c3fd7afecdb556c50c9e8de78 -> 
  custom:AudioImporter_EditorPlatform: d09bf68614088b80899f8185d706f6e7 -> 
  custom:audio-decoder-ogg-vorbis: bf7c407c2cedff20999df2af8eb42d56 -> 
  custom:audio-encoder-webm-vorbis: bf7c407c2cedff20999df2af8eb42d56 -> 
  custom:video-decoder-ogg-theora: a1e56fd34408186e4bbccfd4996cb3dc -> 
  custom:container-demuxer-webm: 4f35f7cbe854078d1ac9338744f61a02 -> 
  custom:video-encoder-webm-vp8: eb34c28f22e8b96e1ab97ce403110664 -> 
========================================================================
Received Prepare
Begin MonoManager ReloadAssembly
Symbol file data-0000014CD44A3540 doesn't match image E:\Git\SAS-Game-Dev\SASWebGame\Library\ScriptAssemblies\Unity.Services.Analytics.Editor.dll
Symbol file LoadedFromMemory is not a mono symbol file
Symbol file data-0000014CD6AA6020 doesn't match image E:\Git\SAS-Game-Dev\SASWebGame\Library\ScriptAssemblies\Unity.RenderPipelines.Core.Runtime.dll
Symbol file LoadedFromMemory is not a mono symbol file
Symbol file data-0000014CD6824120 doesn't match image E:\Git\SAS-Game-Dev\SASWebGame\Library\ScriptAssemblies\Unity.AI.Navigation.dll
Symbol file LoadedFromMemory is not a mono symbol file
Symbol file data-0000014CD4AC7240 doesn't match image E:\Git\SAS-Game-Dev\SASWebGame\Library\ScriptAssemblies\Unity.Burst.Editor.dll
Symbol file LoadedFromMemory is not a mono symbol file
Symbol file data-0000014CD44A3540 doesn't match image E:\Git\SAS-Game-Dev\SASWebGame\Library\ScriptAssemblies\Unity.Services.Core.Environments.Internal.dll
Symbol file LoadedFromMemory is not a mono symbol file
Symbol file data-0000014CD7367420 doesn't match image E:\Git\SAS-Game-Dev\SASWebGame\Library\ScriptAssemblies\Unity.Services.Core.dll
Symbol file LoadedFromMemory is not a mono symbol file
Symbol file data-0000014CD44A3540 doesn't match image E:\Git\SAS-Game-Dev\SASWebGame\Library\ScriptAssemblies\Unity.Services.Core.Networking.dll
Symbol file LoadedFromMemory is not a mono symbol file
Symbol file data-0000014CE1559020 doesn't match image E:\Git\SAS-Game-Dev\SASWebGame\Library\ScriptAssemblies\Unity.Rider.Editor.dll
Symbol file LoadedFromMemory is not a mono symbol file
Symbol file data-0000014CD7413010 doesn't match image E:\Git\SAS-Game-Dev\SASWebGame\Library\ScriptAssemblies\Unity.2D.Sprite.Editor.dll
Symbol file LoadedFromMemory is not a mono symbol file
Symbol file data-0000014CD6AA6020 doesn't match image E:\Git\SAS-Game-Dev\SASWebGame\Library\ScriptAssemblies\Unity.RenderPipelines.Core.Editor.dll
Symbol file LoadedFromMemory is not a mono symbol file
Symbol file data-0000014CD4209010 doesn't match image E:\Git\SAS-Game-Dev\SASWebGame\Library\ScriptAssemblies\UnityEditor.TestRunner.dll
Symbol file LoadedFromMemory is not a mono symbol file
Symbol file data-0000014CB157E010 doesn't match image E:\Git\SAS-Game-Dev\SASWebGame\Library\ScriptAssemblies\Unity.VisualScripting.Flow.dll
Symbol file LoadedFromMemory is not a mono symbol file
Symbol file data-0000014CD7367420 doesn't match image E:\Git\SAS-Game-Dev\SASWebGame\Library\ScriptAssemblies\Unity.Mathematics.Editor.dll
Symbol file LoadedFromMemory is not a mono symbol file
Symbol file data-0000014CE155EC30 doesn't match image E:\Git\SAS-Game-Dev\SASWebGame\Library\ScriptAssemblies\Unity.Services.Authentication.Editor.dll
Symbol file LoadedFromMemory is not a mono symbol file
Symbol file data-0000014CD7367420 doesn't match image E:\Git\SAS-Game-Dev\SASWebGame\Library\ScriptAssemblies\Unity.Services.Core.Scheduler.dll
Symbol file LoadedFromMemory is not a mono symbol file
Symbol file data-0000014CD44A3540 doesn't match image E:\Git\SAS-Game-Dev\SASWebGame\Library\ScriptAssemblies\Unity.Services.Core.Environments.dll
Symbol file LoadedFromMemory is not a mono symbol file
Symbol file data-0000014CD7367420 doesn't match image E:\Git\SAS-Game-Dev\SASWebGame\Library\ScriptAssemblies\Unity.Services.Core.Configuration.dll
Symbol file LoadedFromMemory is not a mono symbol file
Symbol file data-0000014CD44A3540 doesn't match image E:\Git\SAS-Game-Dev\SASWebGame\Library\ScriptAssemblies\Unity.RenderPipelines.Core.ShaderLibrary.dll
Symbol file LoadedFromMemory is not a mono symbol file
Symbol file data-0000014CD44A3540 doesn't match image E:\Git\SAS-Game-Dev\SASWebGame\Library\ScriptAssemblies\Unity.Services.CloudSave.Editor.dll
Symbol file LoadedFromMemory is not a mono symbol file
Symbol file data-0000014CD4D95030 doesn't match image E:\Git\SAS-Game-Dev\SASWebGame\Library\ScriptAssemblies\Unity.Settings.Editor.dll
Symbol file LoadedFromMemory is not a mono symbol file
Symbol file data-0000014CD7367420 doesn't match image E:\Git\SAS-Game-Dev\SASWebGame\Library\ScriptAssemblies\PPv2URPConverters.dll
Symbol file LoadedFromMemory is not a mono symbol file
Symbol file data-0000014CB157E010 doesn't match image E:\Git\SAS-Game-Dev\SASWebGame\Library\ScriptAssemblies\Unity.TextMeshPro.dll
Symbol file LoadedFromMemory is not a mono symbol file
Symbol file data-0000014CD7367420 doesn't match image E:\Git\SAS-Game-Dev\SASWebGame\Library\ScriptAssemblies\Unity.Services.Core.Analytics.dll
Symbol file LoadedFromMemory is not a mono symbol file
Symbol file data-0000014CD470B7C0 doesn't match image E:\Git\SAS-Game-Dev\SASWebGame\Library\ScriptAssemblies\Unity.Burst.CodeGen.dll
Symbol file LoadedFromMemory is not a mono symbol file
Symbol file data-0000014CE37F7420 doesn't match image E:\Git\SAS-Game-Dev\SASWebGame\Library\ScriptAssemblies\Unity.AI.Navigation.Editor.ConversionSystem.dll
Symbol file LoadedFromMemory is not a mono symbol file
Symbol file data-0000014CD4839B10 doesn't match image E:\Git\SAS-Game-Dev\SASWebGame\Library\ScriptAssemblies\Unity.VSCode.Editor.dll
Symbol file LoadedFromMemory is not a mono symbol file
Symbol file data-0000014CE6C4E010 doesn't match image E:\Git\SAS-Game-Dev\SASWebGame\Library\ScriptAssemblies\Unity.RenderPipelines.Universal.Editor.dll
Symbol file LoadedFromMemory is not a mono symbol file
Symbol file data-0000014CD47175D0 doesn't match image E:\Git\SAS-Game-Dev\SASWebGame\Library\ScriptAssemblies\Unity.RenderPipelines.ShaderGraph.ShaderGraphLibrary.dll
Symbol file LoadedFromMemory is not a mono symbol file
Symbol file data-0000014CE1D61E20 doesn't match image E:\Git\SAS-Game-Dev\SASWebGame\Library\ScriptAssemblies\Unity.Services.Core.Editor.dll
Symbol file LoadedFromMemory is not a mono symbol file
Symbol file data-0000014CE37F7420 doesn't match image E:\Git\SAS-Game-Dev\SASWebGame\Library\ScriptAssemblies\Unity.EditorCoroutines.Editor.dll
Symbol file LoadedFromMemory is not a mono symbol file
Symbol file data-0000014CD8526020 doesn't match image E:\Git\SAS-Game-Dev\SASWebGame\Library\ScriptAssemblies\Unity.RenderPipelines.Universal.Runtime.dll
Symbol file LoadedFromMemory is not a mono symbol file
Symbol file data-0000014CE6C4E010 doesn't match image E:\Git\SAS-Game-Dev\SASWebGame\Library\ScriptAssemblies\Unity.PlasticSCM.Editor.dll
Symbol file LoadedFromMemory is not a mono symbol file
Symbol file data-0000014CB157E010 doesn't match image E:\Git\SAS-Game-Dev\SASWebGame\Library\ScriptAssemblies\Unity.Burst.dll
Symbol file LoadedFromMemory is not a mono symbol file
Symbol file data-0000014CD7BC2020 doesn't match image E:\Git\SAS-Game-Dev\SASWebGame\Library\ScriptAssemblies\Unity.Services.Core.Internal.dll
Symbol file LoadedFromMemory is not a mono symbol file
Symbol file data-0000014CE37F7420 doesn't match image E:\Git\SAS-Game-Dev\SASWebGame\Library\ScriptAssemblies\Unity.VisualScripting.Shared.Editor.dll
Symbol file LoadedFromMemory is not a mono symbol file
Symbol file data-0000014CD6D06020 doesn't match image E:\Git\SAS-Game-Dev\SASWebGame\Library\ScriptAssemblies\Unity.Timeline.Editor.dll
Symbol file LoadedFromMemory is not a mono symbol file
Symbol file data-0000014CE37F7420 doesn't match image E:\Git\SAS-Game-Dev\SASWebGame\Library\ScriptAssemblies\Unity.Services.Core.Device.dll
Symbol file LoadedFromMemory is not a mono symbol file
Symbol file data-0000014CE233B020 doesn't match image E:\Git\SAS-Game-Dev\SASWebGame\Library\ScriptAssemblies\Unity.ShaderGraph.Editor.dll
Symbol file LoadedFromMemory is not a mono symbol file
Symbol file data-0000014CE37F7420 doesn't match image E:\Git\SAS-Game-Dev\SASWebGame\Library\ScriptAssemblies\Unity.CollabProxy.Editor.dll
Symbol file LoadedFromMemory is not a mono symbol file
Symbol file data-0000014CD4D27430 doesn't match image E:\Git\SAS-Game-Dev\SASWebGame\Library\ScriptAssemblies\Unity.VisualStudio.Editor.dll
Symbol file LoadedFromMemory is not a mono symbol file
Symbol file data-0000014CE37F7420 doesn't match image E:\Git\SAS-Game-Dev\SASWebGame\Library\ScriptAssemblies\Unity.Services.Core.Threading.dll
Symbol file LoadedFromMemory is not a mono symbol file
Symbol file data-0000014CD4D27430 doesn't match image E:\Git\SAS-Game-Dev\SASWebGame\Library\ScriptAssemblies\UnityEditor.UI.dll
Symbol file LoadedFromMemory is not a mono symbol file
Symbol file data-0000014CD6EE4020 doesn't match image E:\Git\SAS-Game-Dev\SASWebGame\Library\ScriptAssemblies\Unity.VisualScripting.Core.dll
Symbol file LoadedFromMemory is not a mono symbol file
Symbol file data-0000014CD48A1A60 doesn't match image E:\Git\SAS-Game-Dev\SASWebGame\Library\ScriptAssemblies\UnityEngine.UI.dll
Symbol file LoadedFromMemory is not a mono symbol file
Symbol file data-0000014CD501B010 doesn't match image E:\Git\SAS-Game-Dev\SASWebGame\Library\ScriptAssemblies\Unity.VisualScripting.Core.Editor.dll
Symbol file LoadedFromMemory is not a mono symbol file
Symbol file data-0000014CD4D27430 doesn't match image E:\Git\SAS-Game-Dev\SASWebGame\Library\ScriptAssemblies\Unity.Services.Core.Telemetry.dll
Symbol file LoadedFromMemory is not a mono symbol file
Symbol file data-0000014CE6BA7B70 doesn't match image E:\Git\SAS-Game-Dev\SASWebGame\Library\ScriptAssemblies\Unity.VisualScripting.Flow.Editor.dll
Symbol file LoadedFromMemory is not a mono symbol file
Symbol file data-0000014CE208B430 doesn't match image E:\Git\SAS-Game-Dev\SASWebGame\Library\ScriptAssemblies\Unity.RenderPipeline.Universal.ShaderLibrary.dll
Symbol file LoadedFromMemory is not a mono symbol file
Symbol file data-0000014CD6A51430 doesn't match image E:\Git\SAS-Game-Dev\SASWebGame\Library\ScriptAssemblies\Unity.Timeline.dll
Symbol file LoadedFromMemory is not a mono symbol file
Symbol file data-0000014CE208B430 doesn't match image E:\Git\SAS-Game-Dev\SASWebGame\Library\ScriptAssemblies\Unity.VisualScripting.SettingsProvider.Editor.dll
Symbol file LoadedFromMemory is not a mono symbol file
Symbol file data-0000014CD4D27430 doesn't match image E:\Git\SAS-Game-Dev\SASWebGame\Library\ScriptAssemblies\Unity.Services.Analytics.dll
Symbol file LoadedFromMemory is not a mono symbol file
Symbol file data-0000014CE30E8C20 doesn't match image E:\Git\SAS-Game-Dev\SASWebGame\Library\ScriptAssemblies\Unity.AI.Navigation.Updater.dll
Symbol file LoadedFromMemory is not a mono symbol file
Symbol file data-0000014CD4D27430 doesn't match image E:\Git\SAS-Game-Dev\SASWebGame\Library\ScriptAssemblies\UnityEngine.TestRunner.dll
Symbol file LoadedFromMemory is not a mono symbol file
Symbol file data-0000014CD46119D0 doesn't match image E:\Git\SAS-Game-Dev\SASWebGame\Library\ScriptAssemblies\Unity.Services.Authentication.dll
Symbol file LoadedFromMemory is not a mono symbol file
Symbol file data-0000014CD46119D0 doesn't match image E:\Git\SAS-Game-Dev\SASWebGame\Library\ScriptAssemblies\Unity.VisualScripting.State.Editor.dll
Symbol file LoadedFromMemory is not a mono symbol file
Symbol file data-0000014CE15A9010 doesn't match image E:\Git\SAS-Game-Dev\SASWebGame\Library\ScriptAssemblies\Unity.Mathematics.dll
Symbol file LoadedFromMemory is not a mono symbol file
Symbol file data-0000014CE10DF630 doesn't match image E:\Git\SAS-Game-Dev\SASWebGame\Library\ScriptAssemblies\Unity.InternalAPIEditorBridgeDev.001.dll
Symbol file LoadedFromMemory is not a mono symbol file
Symbol file data-0000014CE10DF630 doesn't match image E:\Git\SAS-Game-Dev\SASWebGame\Library\ScriptAssemblies\Unity.RenderPipelines.Universal.Shaders.dll
Symbol file LoadedFromMemory is not a mono symbol file
Symbol file data-0000014CD81E96E0 doesn't match image E:\Git\SAS-Game-Dev\SASWebGame\Library\ScriptAssemblies\Unity.TextMeshPro.Editor.dll
Symbol file LoadedFromMemory is not a mono symbol file
Symbol file data-0000014CD461BBE0 doesn't match image E:\Git\SAS-Game-Dev\SASWebGame\Library\ScriptAssemblies\Unity.Searcher.Editor.dll
Symbol file LoadedFromMemory is not a mono symbol file
Symbol file data-0000014CD6A51430 doesn't match image E:\Git\SAS-Game-Dev\SASWebGame\Library\ScriptAssemblies\Unity.AI.Navigation.Editor.dll
Symbol file LoadedFromMemory is not a mono symbol file
Symbol file data-0000014CE30E8C20 doesn't match image E:\Git\SAS-Game-Dev\SASWebGame\Library\ScriptAssemblies\Unity.Services.Core.Registration.dll
Symbol file LoadedFromMemory is not a mono symbol file
Symbol file data-0000014CD6A51430 doesn't match image E:\Git\SAS-Game-Dev\SASWebGame\Library\ScriptAssemblies\Unity.Services.CloudSave.dll
Symbol file LoadedFromMemory is not a mono symbol file
Symbol file data-0000014CE37F7420 doesn't match image E:\Git\SAS-Game-Dev\SASWebGame\Library\ScriptAssemblies\Unity.Services.Core.Configuration.Editor.dll
Symbol file LoadedFromMemory is not a mono symbol file
Symbol file data-0000014CD461BBE0 doesn't match image E:\Git\SAS-Game-Dev\SASWebGame\Library\ScriptAssemblies\Unity.VisualScripting.State.dll
Symbol file LoadedFromMemory is not a mono symbol file
Symbol file data-0000014CD6A59240 doesn't match image E:\Git\SAS-Game-Dev\SASWebGame\Library\ScriptAssemblies\Unity.Play.Publisher.Editor.dll
Symbol file LoadedFromMemory is not a mono symbol file
Symbol file data-0000014CD7902010 doesn't match image E:\Git\SAS-Game-Dev\SASWebGame\Library\ScriptAssemblies\Unity.2D.Tilemap.Editor.dll
Symbol file LoadedFromMemory is not a mono symbol file
Symbol file data-0000014CE10DF630 doesn't match image E:\Git\SAS-Game-Dev\SASWebGame\Library\ScriptAssemblies\Unity.ShaderGraph.Utilities.dll
Symbol file LoadedFromMemory is not a mono symbol file
Symbol file LoadedFromMemory doesn't match image E:\Git\SAS-Game-Dev\SASWebGame\Library\PackageCache\com.unity.visualscripting@1.8.0\Editor\VisualScripting.Core\Dependencies\YamlDotNet\Unity.VisualScripting.YamlDotNet.dll
Symbol file LoadedFromMemory doesn't match image E:\Git\SAS-Game-Dev\SASWebGame\Library\PackageCache\com.unity.visualscripting@1.8.0\Editor\VisualScripting.Core\Dependencies\DotNetZip\Unity.VisualScripting.IonicZip.dll
- Loaded All Assemblies, in  0.452 seconds
Refreshing native plugins compatible for Editor in 1.63 ms, found 3 plugins.
Native extension for WindowsStandalone target not found
Native extension for WebGL target not found
Mono: successfully reloaded assembly
- Finished resetting the current domain, in  0.578 seconds
Domain Reload Profiling:
	ReloadAssembly (145ms)
		BeginReloadAssembly (101ms)
			ExecutionOrderSort (0ms)
			DisableScriptedObjects (3ms)
			BackupInstance (0ms)
			ReleaseScriptingObjects (0ms)
			CreateAndSetChildDomain (39ms)
		LoadAllAssembliesAndSetupDomain (306ms)
			LoadAssemblies (148ms)
			RebuildTransferFunctionScriptingTraits (0ms)
			SetupTypeCache (193ms)
				TypeCache.Initialize (183ms)
					TypeCache.ScanAssembly (178ms)
				ResolveRequiredComponents (10ms)
		FinalizeReload (0ms)
			ReleaseScriptCaches (0ms)
			RebuildScriptCaches (0ms)
			SetupLoadedEditorAssemblies (286ms)
				LogAssemblyErrors (0ms)
				InitializePlatformSupportModulesInManaged (3ms)
				SetLoadedEditorAssemblies (2ms)
				RefreshPlugins (0ms)
				BeforeProcessingInitializeOnLoad (44ms)
				ProcessInitializeOnLoadAttributes (175ms)
				ProcessInitializeOnLoadMethodAttributes (60ms)
				AfterProcessingInitializeOnLoad (1ms)
				EditorAssembliesLoaded (0ms)
			ExecutionOrderSort2 (0ms)
			AwakeInstancesAfterBackupRestoration (15ms)
Refreshing native plugins compatible for Editor in 2.01 ms, found 3 plugins.
Preloading 0 native plugins for Editor in 0.00 ms.
Unloading 6187 Unused Serialized files (Serialized files now loaded: 0)
Unloading 50 unused Assets / (38.0 KB). Loaded Objects now: 6810.
Memory consumption went from 196.3 MB to 196.2 MB.
Total: 2.726800 ms (FindLiveObjects: 0.339000 ms CreateObjectMapping: 0.231200 ms MarkObjects: 2.100100 ms  DeleteObjects: 0.055600 ms)

Prepare: number of updated asset objects reloaded= 0
AssetImportParameters requested are different than current active one (requested -> active):
  custom:container-demuxer-ogg: 62fdf1f143b41e24485cea50d1cbac27 -> 
  custom:framework-win-MediaFoundation: 216162199b28c13a410421893ffa2e32 -> 
  custom:container-muxer-webm: aa71ff27fc2769a1b78a27578f13a17b -> 
  custom:video-decoder-webm-vp8: 9c59270c3fd7afecdb556c50c9e8de78 -> 
  custom:AudioImporter_EditorPlatform: d09bf68614088b80899f8185d706f6e7 -> 
  custom:audio-decoder-ogg-vorbis: bf7c407c2cedff20999df2af8eb42d56 -> 
  custom:audio-encoder-webm-vorbis: bf7c407c2cedff20999df2af8eb42d56 -> 
  custom:video-decoder-ogg-theora: a1e56fd34408186e4bbccfd4996cb3dc -> 
  custom:container-demuxer-webm: 4f35f7cbe854078d1ac9338744f61a02 -> 
  custom:video-encoder-webm-vp8: eb34c28f22e8b96e1ab97ce403110664 -> 
========================================================================
Received Prepare
Begin MonoManager ReloadAssembly
Symbol file data-0000014CD7FA7190 doesn't match image E:\Git\SAS-Game-Dev\SASWebGame\Library\ScriptAssemblies\Unity.Services.Analytics.Editor.dll
Symbol file LoadedFromMemory is not a mono symbol file
Symbol file data-0000014CD6AA6020 doesn't match image E:\Git\SAS-Game-Dev\SASWebGame\Library\ScriptAssemblies\Unity.RenderPipelines.Core.Runtime.dll
Symbol file LoadedFromMemory is not a mono symbol file
Symbol file data-0000014CD4B1DCC0 doesn't match image E:\Git\SAS-Game-Dev\SASWebGame\Library\ScriptAssemblies\Unity.AI.Navigation.dll
Symbol file LoadedFromMemory is not a mono symbol file
Symbol file data-0000014CE3079030 doesn't match image E:\Git\SAS-Game-Dev\SASWebGame\Library\ScriptAssemblies\Unity.Burst.Editor.dll
Symbol file LoadedFromMemory is not a mono symbol file
Symbol file data-0000014CD4B1DCC0 doesn't match image E:\Git\SAS-Game-Dev\SASWebGame\Library\ScriptAssemblies\Unity.Services.Core.Environments.Internal.dll
Symbol file LoadedFromMemory is not a mono symbol file
Symbol file data-0000014CE280E010 doesn't match image E:\Git\SAS-Game-Dev\SASWebGame\Library\ScriptAssemblies\Unity.Services.Core.dll
Symbol file LoadedFromMemory is not a mono symbol file
Symbol file data-0000014CD8595620 doesn't match image E:\Git\SAS-Game-Dev\SASWebGame\Library\ScriptAssemblies\Unity.Services.Core.Networking.dll
Symbol file LoadedFromMemory is not a mono symbol file
Symbol file data-0000014CD46BA9F0 doesn't match image E:\Git\SAS-Game-Dev\SASWebGame\Library\ScriptAssemblies\Unity.Rider.Editor.dll
Symbol file LoadedFromMemory is not a mono symbol file
Symbol file data-0000014CE11C6010 doesn't match image E:\Git\SAS-Game-Dev\SASWebGame\Library\ScriptAssemblies\Unity.2D.Sprite.Editor.dll
Symbol file LoadedFromMemory is not a mono symbol file
Symbol file data-0000014CD7A37840 doesn't match image E:\Git\SAS-Game-Dev\SASWebGame\Library\ScriptAssemblies\Unity.RenderPipelines.Core.Editor.dll
Symbol file LoadedFromMemory is not a mono symbol file
Symbol file data-0000014CD83EA020 doesn't match image E:\Git\SAS-Game-Dev\SASWebGame\Library\ScriptAssemblies\UnityEditor.TestRunner.dll
Symbol file LoadedFromMemory is not a mono symbol file
Symbol file data-0000014CE6B97860 doesn't match image E:\Git\SAS-Game-Dev\SASWebGame\Library\ScriptAssemblies\Unity.VisualScripting.Flow.dll
Symbol file LoadedFromMemory is not a mono symbol file
Symbol file data-0000014CD793C020 doesn't match image E:\Git\SAS-Game-Dev\SASWebGame\Library\ScriptAssemblies\Unity.Mathematics.Editor.dll
Symbol file LoadedFromMemory is not a mono symbol file
Symbol file data-0000014CE11E5C70 doesn't match image E:\Git\SAS-Game-Dev\SASWebGame\Library\ScriptAssemblies\Unity.Services.Authentication.Editor.dll
Symbol file LoadedFromMemory is not a mono symbol file
Symbol file data-0000014CD793C020 doesn't match image E:\Git\SAS-Game-Dev\SASWebGame\Library\ScriptAssemblies\Unity.Services.Core.Scheduler.dll
Symbol file LoadedFromMemory is not a mono symbol file
Symbol file data-0000014CD8595620 doesn't match image E:\Git\SAS-Game-Dev\SASWebGame\Library\ScriptAssemblies\Unity.Services.Core.Environments.dll
Symbol file LoadedFromMemory is not a mono symbol file
Symbol file data-0000014CD793C020 doesn't match image E:\Git\SAS-Game-Dev\SASWebGame\Library\ScriptAssemblies\Unity.Services.Core.Configuration.dll
Symbol file LoadedFromMemory is not a mono symbol file
Symbol file data-0000014CD793C020 doesn't match image E:\Git\SAS-Game-Dev\SASWebGame\Library\ScriptAssemblies\Unity.RenderPipelines.Core.ShaderLibrary.dll
Symbol file LoadedFromMemory is not a mono symbol file
Symbol file data-0000014CD793C020 doesn't match image E:\Git\SAS-Game-Dev\SASWebGame\Library\ScriptAssemblies\Unity.Services.CloudSave.Editor.dll
Symbol file LoadedFromMemory is not a mono symbol file
Symbol file data-0000014CD793C020 doesn't match image E:\Git\SAS-Game-Dev\SASWebGame\Library\ScriptAssemblies\Unity.Settings.Editor.dll
Symbol file LoadedFromMemory is not a mono symbol file
Symbol file data-0000014CE11E5C70 doesn't match image E:\Git\SAS-Game-Dev\SASWebGame\Library\ScriptAssemblies\PPv2URPConverters.dll
Symbol file LoadedFromMemory is not a mono symbol file
Symbol file data-0000014CE2D42040 doesn't match image E:\Git\SAS-Game-Dev\SASWebGame\Library\ScriptAssemblies\Unity.TextMeshPro.dll
Symbol file LoadedFromMemory is not a mono symbol file
Symbol file data-0000014CE11E5C70 doesn't match image E:\Git\SAS-Game-Dev\SASWebGame\Library\ScriptAssemblies\Unity.Services.Core.Analytics.dll
Symbol file LoadedFromMemory is not a mono symbol file
Symbol file data-0000014CD449E070 doesn't match image E:\Git\SAS-Game-Dev\SASWebGame\Library\ScriptAssemblies\Unity.Burst.CodeGen.dll
Symbol file LoadedFromMemory is not a mono symbol file
Symbol file data-0000014D283BFB90 doesn't match image E:\Git\SAS-Game-Dev\SASWebGame\Library\ScriptAssemblies\Unity.AI.Navigation.Editor.ConversionSystem.dll
Symbol file LoadedFromMemory is not a mono symbol file
Symbol file data-0000014D283BFB90 doesn't match image E:\Git\SAS-Game-Dev\SASWebGame\Library\ScriptAssemblies\Unity.VSCode.Editor.dll
Symbol file LoadedFromMemory is not a mono symbol file
Symbol file data-0000014CD6AA6020 doesn't match image E:\Git\SAS-Game-Dev\SASWebGame\Library\ScriptAssemblies\Unity.RenderPipelines.Universal.Editor.dll
Symbol file LoadedFromMemory is not a mono symbol file
Symbol file data-0000014CD449E070 doesn't match image E:\Git\SAS-Game-Dev\SASWebGame\Library\ScriptAssemblies\Unity.RenderPipelines.ShaderGraph.ShaderGraphLibrary.dll
Symbol file LoadedFromMemory is not a mono symbol file
Symbol file data-0000014CD733F010 doesn't match image E:\Git\SAS-Game-Dev\SASWebGame\Library\ScriptAssemblies\Unity.Services.Core.Editor.dll
Symbol file LoadedFromMemory is not a mono symbol file
Symbol file data-0000014CD449E070 doesn't match image E:\Git\SAS-Game-Dev\SASWebGame\Library\ScriptAssemblies\Unity.EditorCoroutines.Editor.dll
Symbol file LoadedFromMemory is not a mono symbol file
Symbol file data-0000014CD6D06020 doesn't match image E:\Git\SAS-Game-Dev\SASWebGame\Library\ScriptAssemblies\Unity.RenderPipelines.Universal.Runtime.dll
Symbol file LoadedFromMemory is not a mono symbol file
Symbol file data-0000014CE6C4E010 doesn't match image E:\Git\SAS-Game-Dev\SASWebGame\Library\ScriptAssemblies\Unity.PlasticSCM.Editor.dll
Symbol file LoadedFromMemory is not a mono symbol file
Symbol file data-0000014CE2D42040 doesn't match image E:\Git\SAS-Game-Dev\SASWebGame\Library\ScriptAssemblies\Unity.Burst.dll
Symbol file LoadedFromMemory is not a mono symbol file
Symbol file data-0000014CD46119D0 doesn't match image E:\Git\SAS-Game-Dev\SASWebGame\Library\ScriptAssemblies\Unity.Services.Core.Internal.dll
Symbol file LoadedFromMemory is not a mono symbol file
Symbol file data-0000014CD44A24D0 doesn't match image E:\Git\SAS-Game-Dev\SASWebGame\Library\ScriptAssemblies\Unity.VisualScripting.Shared.Editor.dll
Symbol file LoadedFromMemory is not a mono symbol file
Symbol file data-0000014CD6D06020 doesn't match image E:\Git\SAS-Game-Dev\SASWebGame\Library\ScriptAssemblies\Unity.Timeline.Editor.dll
Symbol file LoadedFromMemory is not a mono symbol file
Symbol file data-0000014CD44A24D0 doesn't match image E:\Git\SAS-Game-Dev\SASWebGame\Library\ScriptAssemblies\Unity.Services.Core.Device.dll
Symbol file LoadedFromMemory is not a mono symbol file
Symbol file data-0000014CE15FD040 doesn't match image E:\Git\SAS-Game-Dev\SASWebGame\Library\ScriptAssemblies\Unity.ShaderGraph.Editor.dll
Symbol file LoadedFromMemory is not a mono symbol file
Symbol file data-0000014CD44A24D0 doesn't match image E:\Git\SAS-Game-Dev\SASWebGame\Library\ScriptAssemblies\Unity.CollabProxy.Editor.dll
Symbol file LoadedFromMemory is not a mono symbol file
Symbol file data-0000014CD4AFDC80 doesn't match image E:\Git\SAS-Game-Dev\SASWebGame\Library\ScriptAssemblies\Unity.VisualStudio.Editor.dll
Symbol file LoadedFromMemory is not a mono symbol file
Symbol file data-0000014CD44A24D0 doesn't match image E:\Git\SAS-Game-Dev\SASWebGame\Library\ScriptAssemblies\Unity.Services.Core.Threading.dll
Symbol file LoadedFromMemory is not a mono symbol file
Symbol file data-0000014CD681EB10 doesn't match image E:\Git\SAS-Game-Dev\SASWebGame\Library\ScriptAssemblies\UnityEditor.UI.dll
Symbol file LoadedFromMemory is not a mono symbol file
Symbol file data-0000014CE54591E0 doesn't match image E:\Git\SAS-Game-Dev\SASWebGame\Library\ScriptAssemblies\Unity.VisualScripting.Core.dll
Symbol file LoadedFromMemory is not a mono symbol file
Symbol file data-0000014CE6F7B010 doesn't match image E:\Git\SAS-Game-Dev\SASWebGame\Library\ScriptAssemblies\UnityEngine.UI.dll
Symbol file LoadedFromMemory is not a mono symbol file
Symbol file data-0000014CD501B010 doesn't match image E:\Git\SAS-Game-Dev\SASWebGame\Library\ScriptAssemblies\Unity.VisualScripting.Core.Editor.dll
Symbol file LoadedFromMemory is not a mono symbol file
Symbol file data-0000014CE2EF4030 doesn't match image E:\Git\SAS-Game-Dev\SASWebGame\Library\ScriptAssemblies\Unity.Services.Core.Telemetry.dll
Symbol file LoadedFromMemory is not a mono symbol file
Symbol file data-0000014CE1150010 doesn't match image E:\Git\SAS-Game-Dev\SASWebGame\Library\ScriptAssemblies\Unity.VisualScripting.Flow.Editor.dll
Symbol file LoadedFromMemory is not a mono symbol file
Symbol file data-0000014CD44A24D0 doesn't match image E:\Git\SAS-Game-Dev\SASWebGame\Library\ScriptAssemblies\Unity.RenderPipeline.Universal.ShaderLibrary.dll
Symbol file LoadedFromMemory is not a mono symbol file
Symbol file data-0000014CE1815010 doesn't match image E:\Git\SAS-Game-Dev\SASWebGame\Library\ScriptAssemblies\Unity.Timeline.dll
Symbol file LoadedFromMemory is not a mono symbol file
Symbol file data-0000014CD44A24D0 doesn't match image E:\Git\SAS-Game-Dev\SASWebGame\Library\ScriptAssemblies\Unity.VisualScripting.SettingsProvider.Editor.dll
Symbol file LoadedFromMemory is not a mono symbol file
Symbol file data-0000014CE2EF4030 doesn't match image E:\Git\SAS-Game-Dev\SASWebGame\Library\ScriptAssemblies\Unity.Services.Analytics.dll
Symbol file LoadedFromMemory is not a mono symbol file
Symbol file data-0000014CD44A24D0 doesn't match image E:\Git\SAS-Game-Dev\SASWebGame\Library\ScriptAssemblies\Unity.AI.Navigation.Updater.dll
Symbol file LoadedFromMemory is not a mono symbol file
Symbol file data-0000014CE10CE420 doesn't match image E:\Git\SAS-Game-Dev\SASWebGame\Library\ScriptAssemblies\UnityEngine.TestRunner.dll
Symbol file LoadedFromMemory is not a mono symbol file
Symbol file data-0000014CE2EF4030 doesn't match image E:\Git\SAS-Game-Dev\SASWebGame\Library\ScriptAssemblies\Unity.Services.Authentication.dll
Symbol file LoadedFromMemory is not a mono symbol file
Symbol file data-0000014CD4AFDC80 doesn't match image E:\Git\SAS-Game-Dev\SASWebGame\Library\ScriptAssemblies\Unity.VisualScripting.State.Editor.dll
Symbol file LoadedFromMemory is not a mono symbol file
Symbol file data-0000014CE3156020 doesn't match image E:\Git\SAS-Game-Dev\SASWebGame\Library\ScriptAssemblies\Unity.Mathematics.dll
Symbol file LoadedFromMemory is not a mono symbol file
Symbol file data-0000014CD44A24D0 doesn't match image E:\Git\SAS-Game-Dev\SASWebGame\Library\ScriptAssemblies\Unity.InternalAPIEditorBridgeDev.001.dll
Symbol file LoadedFromMemory is not a mono symbol file
Symbol file data-0000014CD44A24D0 doesn't match image E:\Git\SAS-Game-Dev\SASWebGame\Library\ScriptAssemblies\Unity.RenderPipelines.Universal.Shaders.dll
Symbol file LoadedFromMemory is not a mono symbol file
Symbol file data-0000014CD7902010 doesn't match image E:\Git\SAS-Game-Dev\SASWebGame\Library\ScriptAssemblies\Unity.TextMeshPro.Editor.dll
Symbol file LoadedFromMemory is not a mono symbol file
Symbol file data-0000014CD7361010 doesn't match image E:\Git\SAS-Game-Dev\SASWebGame\Library\ScriptAssemblies\Unity.Searcher.Editor.dll
Symbol file LoadedFromMemory is not a mono symbol file
Symbol file data-0000014CD7361010 doesn't match image E:\Git\SAS-Game-Dev\SASWebGame\Library\ScriptAssemblies\Unity.AI.Navigation.Editor.dll
Symbol file LoadedFromMemory is not a mono symbol file
Symbol file data-0000014CD7361010 doesn't match image E:\Git\SAS-Game-Dev\SASWebGame\Library\ScriptAssemblies\Unity.Services.Core.Registration.dll
Symbol file LoadedFromMemory is not a mono symbol file
Symbol file data-0000014CE0FC5030 doesn't match image E:\Git\SAS-Game-Dev\SASWebGame\Library\ScriptAssemblies\Unity.Services.CloudSave.dll
Symbol file LoadedFromMemory is not a mono symbol file
Symbol file data-0000014CD681EB10 doesn't match image E:\Git\SAS-Game-Dev\SASWebGame\Library\ScriptAssemblies\Unity.Services.Core.Configuration.Editor.dll
Symbol file LoadedFromMemory is not a mono symbol file
Symbol file data-0000014CD4AFDC80 doesn't match image E:\Git\SAS-Game-Dev\SASWebGame\Library\ScriptAssemblies\Unity.VisualScripting.State.dll
Symbol file LoadedFromMemory is not a mono symbol file
Symbol file data-0000014CD4AFDC80 doesn't match image E:\Git\SAS-Game-Dev\SASWebGame\Library\ScriptAssemblies\Unity.Play.Publisher.Editor.dll
Symbol file LoadedFromMemory is not a mono symbol file
Symbol file data-0000014CE30D4010 doesn't match image E:\Git\SAS-Game-Dev\SASWebGame\Library\ScriptAssemblies\Unity.2D.Tilemap.Editor.dll
Symbol file LoadedFromMemory is not a mono symbol file
Symbol file data-0000014CE6C86A20 doesn't match image E:\Git\SAS-Game-Dev\SASWebGame\Library\ScriptAssemblies\Unity.ShaderGraph.Utilities.dll
Symbol file LoadedFromMemory is not a mono symbol file
Symbol file LoadedFromMemory doesn't match image E:\Git\SAS-Game-Dev\SASWebGame\Library\PackageCache\com.unity.visualscripting@1.8.0\Editor\VisualScripting.Core\Dependencies\YamlDotNet\Unity.VisualScripting.YamlDotNet.dll
Symbol file LoadedFromMemory doesn't match image E:\Git\SAS-Game-Dev\SASWebGame\Library\PackageCache\com.unity.visualscripting@1.8.0\Editor\VisualScripting.Core\Dependencies\DotNetZip\Unity.VisualScripting.IonicZip.dll
- Loaded All Assemblies, in  0.450 seconds
Refreshing native plugins compatible for Editor in 1.68 ms, found 3 plugins.
Native extension for WindowsStandalone target not found
Native extension for WebGL target not found
Mono: successfully reloaded assembly
- Finished resetting the current domain, in  0.585 seconds
Domain Reload Profiling:
	ReloadAssembly (133ms)
		BeginReloadAssembly (90ms)
			ExecutionOrderSort (0ms)
			DisableScriptedObjects (4ms)
			BackupInstance (0ms)
			ReleaseScriptingObjects (0ms)
			CreateAndSetChildDomain (29ms)
		LoadAllAssembliesAndSetupDomain (317ms)
			LoadAssemblies (150ms)
			RebuildTransferFunctionScriptingTraits (0ms)
			SetupTypeCache (202ms)
				TypeCache.Initialize (178ms)
					TypeCache.ScanAssembly (173ms)
				ResolveRequiredComponents (24ms)
		FinalizeReload (0ms)
			ReleaseScriptCaches (0ms)
			RebuildScriptCaches (0ms)
			SetupLoadedEditorAssemblies (278ms)
				LogAssemblyErrors (0ms)
				InitializePlatformSupportModulesInManaged (3ms)
				SetLoadedEditorAssemblies (2ms)
				RefreshPlugins (0ms)
				BeforeProcessingInitializeOnLoad (44ms)
				ProcessInitializeOnLoadAttributes (172ms)
				ProcessInitializeOnLoadMethodAttributes (56ms)
				AfterProcessingInitializeOnLoad (2ms)
				EditorAssembliesLoaded (0ms)
			ExecutionOrderSort2 (0ms)
			AwakeInstancesAfterBackupRestoration (13ms)
Refreshing native plugins compatible for Editor in 2.24 ms, found 3 plugins.
Preloading 0 native plugins for Editor in 0.00 ms.
Unloading 6187 Unused Serialized files (Serialized files now loaded: 0)
Unloading 50 unused Assets / (37.2 KB). Loaded Objects now: 6814.
Memory consumption went from 196.3 MB to 196.2 MB.
Total: 2.660900 ms (FindLiveObjects: 0.316100 ms CreateObjectMapping: 0.188400 ms MarkObjects: 2.077500 ms  DeleteObjects: 0.078200 ms)

Prepare: number of updated asset objects reloaded= 0
AssetImportParameters requested are different than current active one (requested -> active):
  custom:container-demuxer-ogg: 62fdf1f143b41e24485cea50d1cbac27 -> 
  custom:framework-win-MediaFoundation: 216162199b28c13a410421893ffa2e32 -> 
  custom:container-muxer-webm: aa71ff27fc2769a1b78a27578f13a17b -> 
  custom:video-decoder-webm-vp8: 9c59270c3fd7afecdb556c50c9e8de78 -> 
  custom:AudioImporter_EditorPlatform: d09bf68614088b80899f8185d706f6e7 -> 
  custom:audio-decoder-ogg-vorbis: bf7c407c2cedff20999df2af8eb42d56 -> 
  custom:audio-encoder-webm-vorbis: bf7c407c2cedff20999df2af8eb42d56 -> 
  custom:video-decoder-ogg-theora: a1e56fd34408186e4bbccfd4996cb3dc -> 
  custom:container-demuxer-webm: 4f35f7cbe854078d1ac9338744f61a02 -> 
  custom:video-encoder-webm-vp8: eb34c28f22e8b96e1ab97ce403110664 -> 
========================================================================
Received Prepare
Begin MonoManager ReloadAssembly
Symbol file data-0000014CE1830530 doesn't match image E:\Git\SAS-Game-Dev\SASWebGame\Library\ScriptAssemblies\Unity.Services.Analytics.Editor.dll
Symbol file LoadedFromMemory is not a mono symbol file
Symbol file data-0000014CE2D32030 doesn't match image E:\Git\SAS-Game-Dev\SASWebGame\Library\ScriptAssemblies\Unity.RenderPipelines.Core.Runtime.dll
Symbol file LoadedFromMemory is not a mono symbol file
Symbol file data-0000014CE280E010 doesn't match image E:\Git\SAS-Game-Dev\SASWebGame\Library\ScriptAssemblies\Unity.AI.Navigation.dll
Symbol file LoadedFromMemory is not a mono symbol file
Symbol file data-0000014CE466E040 doesn't match image E:\Git\SAS-Game-Dev\SASWebGame\Library\ScriptAssemblies\Unity.Burst.Editor.dll
Symbol file LoadedFromMemory is not a mono symbol file
Symbol file data-0000014CE585ACC0 doesn't match image E:\Git\SAS-Game-Dev\SASWebGame\Library\ScriptAssemblies\Unity.Services.Core.Environments.Internal.dll
Symbol file LoadedFromMemory is not a mono symbol file
Symbol file data-0000014D27E03030 doesn't match image E:\Git\SAS-Game-Dev\SASWebGame\Library\ScriptAssemblies\Unity.Services.Core.dll
Symbol file LoadedFromMemory is not a mono symbol file
Symbol file data-0000014CE2815C30 doesn't match image E:\Git\SAS-Game-Dev\SASWebGame\Library\ScriptAssemblies\Unity.Services.Core.Networking.dll
Symbol file LoadedFromMemory is not a mono symbol file
Symbol file data-0000014CE4F2A040 doesn't match image E:\Git\SAS-Game-Dev\SASWebGame\Library\ScriptAssemblies\Unity.Rider.Editor.dll
Symbol file LoadedFromMemory is not a mono symbol file
Symbol file data-0000014D283A8040 doesn't match image E:\Git\SAS-Game-Dev\SASWebGame\Library\ScriptAssemblies\Unity.2D.Sprite.Editor.dll
Symbol file LoadedFromMemory is not a mono symbol file
Symbol file data-0000014CE3FDDCF0 doesn't match image E:\Git\SAS-Game-Dev\SASWebGame\Library\ScriptAssemblies\Unity.RenderPipelines.Core.Editor.dll
Symbol file LoadedFromMemory is not a mono symbol file
Symbol file data-0000014CE47C7020 doesn't match image E:\Git\SAS-Game-Dev\SASWebGame\Library\ScriptAssemblies\UnityEditor.TestRunner.dll
Symbol file LoadedFromMemory is not a mono symbol file
Symbol file data-0000014CE0FA5020 doesn't match image E:\Git\SAS-Game-Dev\SASWebGame\Library\ScriptAssemblies\Unity.VisualScripting.Flow.dll
Symbol file LoadedFromMemory is not a mono symbol file
Symbol file data-0000014CE43EA650 doesn't match image E:\Git\SAS-Game-Dev\SASWebGame\Library\ScriptAssemblies\Unity.Mathematics.Editor.dll
Symbol file LoadedFromMemory is not a mono symbol file
Symbol file data-0000014CD46119D0 doesn't match image E:\Git\SAS-Game-Dev\SASWebGame\Library\ScriptAssemblies\Unity.Services.Authentication.Editor.dll
Symbol file LoadedFromMemory is not a mono symbol file
Symbol file data-0000014D27E03030 doesn't match image E:\Git\SAS-Game-Dev\SASWebGame\Library\ScriptAssemblies\Unity.Services.Core.Scheduler.dll
Symbol file LoadedFromMemory is not a mono symbol file
Symbol file data-0000014CE585ACC0 doesn't match image E:\Git\SAS-Game-Dev\SASWebGame\Library\ScriptAssemblies\Unity.Services.Core.Environments.dll
Symbol file LoadedFromMemory is not a mono symbol file
Symbol file data-0000014CE43EA650 doesn't match image E:\Git\SAS-Game-Dev\SASWebGame\Library\ScriptAssemblies\Unity.Services.Core.Configuration.dll
Symbol file LoadedFromMemory is not a mono symbol file
Symbol file data-0000014CE585ACC0 doesn't match image E:\Git\SAS-Game-Dev\SASWebGame\Library\ScriptAssemblies\Unity.RenderPipelines.Core.ShaderLibrary.dll
Symbol file LoadedFromMemory is not a mono symbol file
Symbol file data-0000014CE48C98D0 doesn't match image E:\Git\SAS-Game-Dev\SASWebGame\Library\ScriptAssemblies\Unity.Services.CloudSave.Editor.dll
Symbol file LoadedFromMemory is not a mono symbol file
Symbol file data-0000014CD4658D50 doesn't match image E:\Git\SAS-Game-Dev\SASWebGame\Library\ScriptAssemblies\Unity.Settings.Editor.dll
Symbol file LoadedFromMemory is not a mono symbol file
Symbol file data-0000014CE48C98D0 doesn't match image E:\Git\SAS-Game-Dev\SASWebGame\Library\ScriptAssemblies\PPv2URPConverters.dll
Symbol file LoadedFromMemory is not a mono symbol file
Symbol file data-0000014CE5305A30 doesn't match image E:\Git\SAS-Game-Dev\SASWebGame\Library\ScriptAssemblies\Unity.TextMeshPro.dll
Symbol file LoadedFromMemory is not a mono symbol file
Symbol file data-0000014CE585ACC0 doesn't match image E:\Git\SAS-Game-Dev\SASWebGame\Library\ScriptAssemblies\Unity.Services.Core.Analytics.dll
Symbol file LoadedFromMemory is not a mono symbol file
Symbol file data-0000014CD7994030 doesn't match image E:\Git\SAS-Game-Dev\SASWebGame\Library\ScriptAssemblies\Unity.Burst.CodeGen.dll
Symbol file LoadedFromMemory is not a mono symbol file
Symbol file data-0000014CE4C89E80 doesn't match image E:\Git\SAS-Game-Dev\SASWebGame\Library\ScriptAssemblies\Unity.AI.Navigation.Editor.ConversionSystem.dll
Symbol file LoadedFromMemory is not a mono symbol file
Symbol file data-0000014CE13FB020 doesn't match image E:\Git\SAS-Game-Dev\SASWebGame\Library\ScriptAssemblies\Unity.VSCode.Editor.dll
Symbol file LoadedFromMemory is not a mono symbol file
Symbol file data-0000014CE3FDDCF0 doesn't match image E:\Git\SAS-Game-Dev\SASWebGame\Library\ScriptAssemblies\Unity.RenderPipelines.Universal.Editor.dll
Symbol file LoadedFromMemory is not a mono symbol file
Symbol file data-0000014CE585ACC0 doesn't match image E:\Git\SAS-Game-Dev\SASWebGame\Library\ScriptAssemblies\Unity.RenderPipelines.ShaderGraph.ShaderGraphLibrary.dll
Symbol file LoadedFromMemory is not a mono symbol file
Symbol file data-0000014CE1C4B010 doesn't match image E:\Git\SAS-Game-Dev\SASWebGame\Library\ScriptAssemblies\Unity.Services.Core.Editor.dll
Symbol file LoadedFromMemory is not a mono symbol file
Symbol file data-0000014CE1830530 doesn't match image E:\Git\SAS-Game-Dev\SASWebGame\Library\ScriptAssemblies\Unity.EditorCoroutines.Editor.dll
Symbol file LoadedFromMemory is not a mono symbol file
Symbol file data-0000014CD8526020 doesn't match image E:\Git\SAS-Game-Dev\SASWebGame\Library\ScriptAssemblies\Unity.RenderPipelines.Universal.Runtime.dll
Symbol file LoadedFromMemory is not a mono symbol file
Symbol file data-0000014CE6C4E010 doesn't match image E:\Git\SAS-Game-Dev\SASWebGame\Library\ScriptAssemblies\Unity.PlasticSCM.Editor.dll
Symbol file LoadedFromMemory is not a mono symbol file
Symbol file data-0000014CE56D1560 doesn't match image E:\Git\SAS-Game-Dev\SASWebGame\Library\ScriptAssemblies\Unity.Burst.dll
Symbol file LoadedFromMemory is not a mono symbol file
Symbol file data-0000014CD7361010 doesn't match image E:\Git\SAS-Game-Dev\SASWebGame\Library\ScriptAssemblies\Unity.Services.Core.Internal.dll
Symbol file LoadedFromMemory is not a mono symbol file
Symbol file data-0000014D27E03030 doesn't match image E:\Git\SAS-Game-Dev\SASWebGame\Library\ScriptAssemblies\Unity.VisualScripting.Shared.Editor.dll
Symbol file LoadedFromMemory is not a mono symbol file
Symbol file data-0000014CE3EA6FB0 doesn't match image E:\Git\SAS-Game-Dev\SASWebGame\Library\ScriptAssemblies\Unity.Timeline.Editor.dll
Symbol file LoadedFromMemory is not a mono symbol file
Symbol file data-0000014CE48C98D0 doesn't match image E:\Git\SAS-Game-Dev\SASWebGame\Library\ScriptAssemblies\Unity.Services.Core.Device.dll
Symbol file LoadedFromMemory is not a mono symbol file
Symbol file data-0000014CE15FD040 doesn't match image E:\Git\SAS-Game-Dev\SASWebGame\Library\ScriptAssemblies\Unity.ShaderGraph.Editor.dll
Symbol file LoadedFromMemory is not a mono symbol file
Symbol file data-0000014CD44A7A10 doesn't match image E:\Git\SAS-Game-Dev\SASWebGame\Library\ScriptAssemblies\Unity.CollabProxy.Editor.dll
Symbol file LoadedFromMemory is not a mono symbol file
Symbol file data-0000014CE4544910 doesn't match image E:\Git\SAS-Game-Dev\SASWebGame\Library\ScriptAssemblies\Unity.VisualStudio.Editor.dll
Symbol file LoadedFromMemory is not a mono symbol file
Symbol file data-0000014CD44A7A10 doesn't match image E:\Git\SAS-Game-Dev\SASWebGame\Library\ScriptAssemblies\Unity.Services.Core.Threading.dll
Symbol file LoadedFromMemory is not a mono symbol file
Symbol file data-0000014CD681E1F0 doesn't match image E:\Git\SAS-Game-Dev\SASWebGame\Library\ScriptAssemblies\UnityEditor.UI.dll
Symbol file LoadedFromMemory is not a mono symbol file
Symbol file data-0000014CE4FC7E10 doesn't match image E:\Git\SAS-Game-Dev\SASWebGame\Library\ScriptAssemblies\Unity.VisualScripting.Core.dll
Symbol file LoadedFromMemory is not a mono symbol file
Symbol file data-0000014CE59EA7F0 doesn't match image E:\Git\SAS-Game-Dev\SASWebGame\Library\ScriptAssemblies\UnityEngine.UI.dll
Symbol file LoadedFromMemory is not a mono symbol file
Symbol file data-0000014CD4F46030 doesn't match image E:\Git\SAS-Game-Dev\SASWebGame\Library\ScriptAssemblies\Unity.VisualScripting.Core.Editor.dll
Symbol file LoadedFromMemory is not a mono symbol file
Symbol file data-0000014CE77D21E0 doesn't match image E:\Git\SAS-Game-Dev\SASWebGame\Library\ScriptAssemblies\Unity.Services.Core.Telemetry.dll
Symbol file LoadedFromMemory is not a mono symbol file
Symbol file data-0000014CE44F0BB0 doesn't match image E:\Git\SAS-Game-Dev\SASWebGame\Library\ScriptAssemblies\Unity.VisualScripting.Flow.Editor.dll
Symbol file LoadedFromMemory is not a mono symbol file
Symbol file data-0000014D29CEEB40 doesn't match image E:\Git\SAS-Game-Dev\SASWebGame\Library\ScriptAssemblies\Unity.RenderPipeline.Universal.ShaderLibrary.dll
Symbol file LoadedFromMemory is not a mono symbol file
Symbol file data-0000014CE3817830 doesn't match image E:\Git\SAS-Game-Dev\SASWebGame\Library\ScriptAssemblies\Unity.Timeline.dll
Symbol file LoadedFromMemory is not a mono symbol file
Symbol file data-0000014CE43EA650 doesn't match image E:\Git\SAS-Game-Dev\SASWebGame\Library\ScriptAssemblies\Unity.VisualScripting.SettingsProvider.Editor.dll
Symbol file LoadedFromMemory is not a mono symbol file
Symbol file data-0000014CD7C14010 doesn't match image E:\Git\SAS-Game-Dev\SASWebGame\Library\ScriptAssemblies\Unity.Services.Analytics.dll
Symbol file LoadedFromMemory is not a mono symbol file
Symbol file data-0000014CE54487F0 doesn't match image E:\Git\SAS-Game-Dev\SASWebGame\Library\ScriptAssemblies\Unity.AI.Navigation.Updater.dll
Symbol file LoadedFromMemory is not a mono symbol file
Symbol file data-0000014CE5740FD0 doesn't match image E:\Git\SAS-Game-Dev\SASWebGame\Library\ScriptAssemblies\UnityEngine.TestRunner.dll
Symbol file LoadedFromMemory is not a mono symbol file
Symbol file data-0000014CE0D23CD0 doesn't match image E:\Git\SAS-Game-Dev\SASWebGame\Library\ScriptAssemblies\Unity.Services.Authentication.dll
Symbol file LoadedFromMemory is not a mono symbol file
Symbol file data-0000014D27C7EA80 doesn't match image E:\Git\SAS-Game-Dev\SASWebGame\Library\ScriptAssemblies\Unity.VisualScripting.State.Editor.dll
Symbol file LoadedFromMemory is not a mono symbol file
Symbol file data-0000014CE2781030 doesn't match image E:\Git\SAS-Game-Dev\SASWebGame\Library\ScriptAssemblies\Unity.Mathematics.dll
Symbol file LoadedFromMemory is not a mono symbol file
Symbol file data-0000014CD44A7A10 doesn't match image E:\Git\SAS-Game-Dev\SASWebGame\Library\ScriptAssemblies\Unity.InternalAPIEditorBridgeDev.001.dll
Symbol file LoadedFromMemory is not a mono symbol file
Symbol file data-0000014CE585ACC0 doesn't match image E:\Git\SAS-Game-Dev\SASWebGame\Library\ScriptAssemblies\Unity.RenderPipelines.Universal.Shaders.dll
Symbol file LoadedFromMemory is not a mono symbol file
Symbol file data-0000014D27CAC060 doesn't match image E:\Git\SAS-Game-Dev\SASWebGame\Library\ScriptAssemblies\Unity.TextMeshPro.Editor.dll
Symbol file LoadedFromMemory is not a mono symbol file
Symbol file data-0000014CD7A6F870 doesn't match image E:\Git\SAS-Game-Dev\SASWebGame\Library\ScriptAssemblies\Unity.Searcher.Editor.dll
Symbol file LoadedFromMemory is not a mono symbol file
Symbol file data-0000014CE59CEA30 doesn't match image E:\Git\SAS-Game-Dev\SASWebGame\Library\ScriptAssemblies\Unity.AI.Navigation.Editor.dll
Symbol file LoadedFromMemory is not a mono symbol file
Symbol file data-0000014CE43EA650 doesn't match image E:\Git\SAS-Game-Dev\SASWebGame\Library\ScriptAssemblies\Unity.Services.Core.Registration.dll
Symbol file LoadedFromMemory is not a mono symbol file
Symbol file data-0000014CE37ED010 doesn't match image E:\Git\SAS-Game-Dev\SASWebGame\Library\ScriptAssemblies\Unity.Services.CloudSave.dll
Symbol file LoadedFromMemory is not a mono symbol file
Symbol file data-0000014CE43EA650 doesn't match image E:\Git\SAS-Game-Dev\SASWebGame\Library\ScriptAssemblies\Unity.Services.Core.Configuration.Editor.dll
Symbol file LoadedFromMemory is not a mono symbol file
Symbol file data-0000014CD5089010 doesn't match image E:\Git\SAS-Game-Dev\SASWebGame\Library\ScriptAssemblies\Unity.VisualScripting.State.dll
Symbol file LoadedFromMemory is not a mono symbol file
Symbol file data-0000014CD7FA7190 doesn't match image E:\Git\SAS-Game-Dev\SASWebGame\Library\ScriptAssemblies\Unity.Play.Publisher.Editor.dll
Symbol file LoadedFromMemory is not a mono symbol file
Symbol file data-0000014CE7768030 doesn't match image E:\Git\SAS-Game-Dev\SASWebGame\Library\ScriptAssemblies\Unity.2D.Tilemap.Editor.dll
Symbol file LoadedFromMemory is not a mono symbol file
Symbol file data-0000014CE2815C30 doesn't match image E:\Git\SAS-Game-Dev\SASWebGame\Library\ScriptAssemblies\Unity.ShaderGraph.Utilities.dll
Symbol file LoadedFromMemory is not a mono symbol file
Symbol file LoadedFromMemory doesn't match image E:\Git\SAS-Game-Dev\SASWebGame\Library\PackageCache\com.unity.visualscripting@1.8.0\Editor\VisualScripting.Core\Dependencies\YamlDotNet\Unity.VisualScripting.YamlDotNet.dll
Symbol file LoadedFromMemory doesn't match image E:\Git\SAS-Game-Dev\SASWebGame\Library\PackageCache\com.unity.visualscripting@1.8.0\Editor\VisualScripting.Core\Dependencies\DotNetZip\Unity.VisualScripting.IonicZip.dll
- Loaded All Assemblies, in  0.445 seconds
Refreshing native plugins compatible for Editor in 1.66 ms, found 3 plugins.
Native extension for WindowsStandalone target not found
Native extension for WebGL target not found
Mono: successfully reloaded assembly
- Finished resetting the current domain, in  0.562 seconds
Domain Reload Profiling:
	ReloadAssembly (138ms)
		BeginReloadAssembly (93ms)
			ExecutionOrderSort (0ms)
			DisableScriptedObjects (4ms)
			BackupInstance (0ms)
			ReleaseScriptingObjects (0ms)
			CreateAndSetChildDomain (28ms)
		LoadAllAssembliesAndSetupDomain (307ms)
			LoadAssemblies (149ms)
			RebuildTransferFunctionScriptingTraits (0ms)
			SetupTypeCache (194ms)
				TypeCache.Initialize (184ms)
					TypeCache.ScanAssembly (180ms)
				ResolveRequiredComponents (10ms)
		FinalizeReload (0ms)
			ReleaseScriptCaches (0ms)
			RebuildScriptCaches (0ms)
			SetupLoadedEditorAssemblies (271ms)
				LogAssemblyErrors (0ms)
				InitializePlatformSupportModulesInManaged (3ms)
				SetLoadedEditorAssemblies (2ms)
				RefreshPlugins (0ms)
				BeforeProcessingInitializeOnLoad (44ms)
				ProcessInitializeOnLoadAttributes (168ms)
				ProcessInitializeOnLoadMethodAttributes (52ms)
				AfterProcessingInitializeOnLoad (1ms)
				EditorAssembliesLoaded (0ms)
			ExecutionOrderSort2 (0ms)
			AwakeInstancesAfterBackupRestoration (13ms)
Refreshing native plugins compatible for Editor in 1.95 ms, found 3 plugins.
Preloading 0 native plugins for Editor in 0.00 ms.
Unloading 6187 Unused Serialized files (Serialized files now loaded: 0)
Unloading 50 unused Assets / (38.1 KB). Loaded Objects now: 6818.
Memory consumption went from 196.3 MB to 196.2 MB.
Total: 2.705400 ms (FindLiveObjects: 0.297700 ms CreateObjectMapping: 0.246000 ms MarkObjects: 2.110200 ms  DeleteObjects: 0.050600 ms)

Prepare: number of updated asset objects reloaded= 0
AssetImportParameters requested are different than current active one (requested -> active):
  custom:container-demuxer-ogg: 62fdf1f143b41e24485cea50d1cbac27 -> 
  custom:framework-win-MediaFoundation: 216162199b28c13a410421893ffa2e32 -> 
  custom:container-muxer-webm: aa71ff27fc2769a1b78a27578f13a17b -> 
  custom:video-decoder-webm-vp8: 9c59270c3fd7afecdb556c50c9e8de78 -> 
  custom:AudioImporter_EditorPlatform: d09bf68614088b80899f8185d706f6e7 -> 
  custom:audio-decoder-ogg-vorbis: bf7c407c2cedff20999df2af8eb42d56 -> 
  custom:audio-encoder-webm-vorbis: bf7c407c2cedff20999df2af8eb42d56 -> 
  custom:video-decoder-ogg-theora: a1e56fd34408186e4bbccfd4996cb3dc -> 
  custom:container-demuxer-webm: 4f35f7cbe854078d1ac9338744f61a02 -> 
  custom:video-encoder-webm-vp8: eb34c28f22e8b96e1ab97ce403110664 -> 
========================================================================
Received Prepare
Refreshing native plugins compatible for Editor in 2.02 ms, found 3 plugins.
Preloading 0 native plugins for Editor in 0.00 ms.
Unloading 2 Unused Serialized files (Serialized files now loaded: 0)
Unloading 2 unused Assets / (5.4 KB). Loaded Objects now: 6818.
Memory consumption went from 100.4 MB to 100.4 MB.
Total: 2.715000 ms (FindLiveObjects: 0.368600 ms CreateObjectMapping: 0.257200 ms MarkObjects: 2.068500 ms  DeleteObjects: 0.020100 ms)

Prepare: number of updated asset objects reloaded= 0
AssetImportParameters requested are different than current active one (requested -> active):
  custom:container-demuxer-ogg: 62fdf1f143b41e24485cea50d1cbac27 -> 
  custom:framework-win-MediaFoundation: 216162199b28c13a410421893ffa2e32 -> 
  custom:container-muxer-webm: aa71ff27fc2769a1b78a27578f13a17b -> 
  custom:video-decoder-webm-vp8: 9c59270c3fd7afecdb556c50c9e8de78 -> 
  custom:AudioImporter_EditorPlatform: d09bf68614088b80899f8185d706f6e7 -> 
  custom:audio-decoder-ogg-vorbis: bf7c407c2cedff20999df2af8eb42d56 -> 
  custom:audio-encoder-webm-vorbis: bf7c407c2cedff20999df2af8eb42d56 -> 
  custom:video-decoder-ogg-theora: a1e56fd34408186e4bbccfd4996cb3dc -> 
  custom:container-demuxer-webm: 4f35f7cbe854078d1ac9338744f61a02 -> 
  custom:video-encoder-webm-vp8: eb34c28f22e8b96e1ab97ce403110664 -> 
