Using pre-set license
Built from '2022.2/staging' branch; Version is '2022.2.15f1 (30d813e1a2a9) revision 3201043'; Using compiler version '192829333'; Build Type 'Release'
OS: 'Windows 11  (10.0.22621) 64bit CoreCountrySpecific' Language: 'zh' Physical Memory: 16151 MB
BatchMode: 1, IsHumanControllingUs: 0, StartBugReporterOnCrash: 0, Is64bit: 1, IsPro: 1

COMMAND LINE ARGUMENTS:
F:\Programs\UnityEditor\Unity 2022.2.15f1\Editor\Unity.exe
-adb2
-batchMode
-noUpm
-name
AssetImportWorker0
-projectPath
E:/Github/Work/SAS-Game-Dev/SASWebGame
-logFile
Logs/AssetImportWorker0.log
-srvPort
4493
Successfully changed project path to: E:/Github/Work/SAS-Game-Dev/SASWebGame
E:/Github/Work/SAS-Game-Dev/SASWebGame
[UnityMemory] Configuration Parameters - Can be set up in boot.config
    "memorysetup-bucket-allocator-granularity=16"
    "memorysetup-bucket-allocator-bucket-count=8"
    "memorysetup-bucket-allocator-block-size=33554432"
    "memorysetup-bucket-allocator-block-count=8"
    "memorysetup-main-allocator-block-size=16777216"
    "memorysetup-thread-allocator-block-size=16777216"
    "memorysetup-gfx-main-allocator-block-size=16777216"
    "memorysetup-gfx-thread-allocator-block-size=16777216"
    "memorysetup-cache-allocator-block-size=4194304"
    "memorysetup-typetree-allocator-block-size=2097152"
    "memorysetup-profiler-bucket-allocator-granularity=16"
    "memorysetup-profiler-bucket-allocator-bucket-count=8"
    "memorysetup-profiler-bucket-allocator-block-size=33554432"
    "memorysetup-profiler-bucket-allocator-block-count=8"
    "memorysetup-profiler-allocator-block-size=16777216"
    "memorysetup-profiler-editor-allocator-block-size=1048576"
    "memorysetup-temp-allocator-size-main=16777216"
    "memorysetup-job-temp-allocator-block-size=2097152"
    "memorysetup-job-temp-allocator-block-size-background=1048576"
    "memorysetup-job-temp-allocator-reduction-small-platforms=262144"
    "memorysetup-temp-allocator-size-background-worker=32768"
    "memorysetup-temp-allocator-size-job-worker=262144"
    "memorysetup-temp-allocator-size-preload-manager=33554432"
    "memorysetup-temp-allocator-size-nav-mesh-worker=65536"
    "memorysetup-temp-allocator-size-audio-worker=65536"
    "memorysetup-temp-allocator-size-cloud-worker=32768"
    "memorysetup-temp-allocator-size-gi-baking-worker=262144"
    "memorysetup-temp-allocator-size-gfx=262144"
Player connection [17736] Host "[IP] 192.168.195.140 [Port] 0 [Flags] 2 [Guid] 2089251291 [EditorId] 2089251291 [Version] 1048832 [Id] WindowsEditor(7,LAPTOP-7L7L3KD1) [Debug] 1 [PackageName] WindowsEditor [ProjectName] Editor" joined multi-casting on [225.0.0.222:54997]...

Player connection [17736] Host "[IP] 192.168.195.140 [Port] 0 [Flags] 2 [Guid] 2089251291 [EditorId] 2089251291 [Version] 1048832 [Id] WindowsEditor(7,LAPTOP-7L7L3KD1) [Debug] 1 [PackageName] WindowsEditor [ProjectName] Editor" joined alternative multi-casting on [225.0.0.222:34997]...

Refreshing native plugins compatible for Editor in 7.25 ms, found 3 plugins.
Preloading 0 native plugins for Editor in 0.00 ms.
Initialize engine version: 2022.2.15f1 (30d813e1a2a9)
[Subsystems] Discovering subsystems at path F:/Programs/UnityEditor/Unity 2022.2.15f1/Editor/Data/Resources/UnitySubsystems
[Subsystems] Discovering subsystems at path E:/Github/Work/SAS-Game-Dev/SASWebGame/Assets
GfxDevice: creating device client; threaded=0; jobified=0
Direct3D:
    Version:  Direct3D 11.0 [level 11.1]
    Renderer: NVIDIA GeForce RTX 3060 Laptop GPU (ID=0x2560)
    Vendor:   NVIDIA
    VRAM:     6009 MB
    Driver:   31.0.15.3640
Initialize mono
Mono path[0] = 'F:/Programs/UnityEditor/Unity 2022.2.15f1/Editor/Data/Managed'
Mono path[1] = 'F:/Programs/UnityEditor/Unity 2022.2.15f1/Editor/Data/MonoBleedingEdge/lib/mono/unityjit-win32'
Mono config path = 'F:/Programs/UnityEditor/Unity 2022.2.15f1/Editor/Data/MonoBleedingEdge/etc'
Using monoOptions --debugger-agent=transport=dt_socket,embedding=1,server=y,suspend=n,address=127.0.0.1:56360
Begin MonoManager ReloadAssembly
Registering precompiled unity dll's ...
Register platform support module: F:/Programs/UnityEditor/Unity 2022.2.15f1/Editor/Data/PlaybackEngines/WebGLSupport/UnityEditor.WebGL.Extensions.dll
Register platform support module: F:/Programs/UnityEditor/Unity 2022.2.15f1/Editor/Data/PlaybackEngines/WindowsStandaloneSupport/UnityEditor.WindowsStandalone.Extensions.dll
Registered in 0.002950 seconds.
- Loaded All Assemblies, in  0.278 seconds
Native extension for WindowsStandalone target not found
Native extension for WebGL target not found
Mono: successfully reloaded assembly
- Finished resetting the current domain, in  0.203 seconds
Domain Reload Profiling:
	ReloadAssembly (166ms)
		BeginReloadAssembly (89ms)
			ExecutionOrderSort (0ms)
			DisableScriptedObjects (0ms)
			BackupInstance (0ms)
			ReleaseScriptingObjects (0ms)
			CreateAndSetChildDomain (1ms)
		LoadAllAssembliesAndSetupDomain (0ms)
			LoadAssemblies (89ms)
			RebuildTransferFunctionScriptingTraits (0ms)
			SetupTypeCache (109ms)
				TypeCache.Initialize (108ms)
					TypeCache.ScanAssembly (107ms)
				ResolveRequiredComponents (0ms)
		FinalizeReload (0ms)
			ReleaseScriptCaches (0ms)
			RebuildScriptCaches (0ms)
			SetupLoadedEditorAssemblies (160ms)
				LogAssemblyErrors (0ms)
				InitializePlatformSupportModulesInManaged (6ms)
				SetLoadedEditorAssemblies (4ms)
				RefreshPlugins (0ms)
				BeforeProcessingInitializeOnLoad (1ms)
				ProcessInitializeOnLoadAttributes (112ms)
				ProcessInitializeOnLoadMethodAttributes (37ms)
				AfterProcessingInitializeOnLoad (0ms)
				EditorAssembliesLoaded (0ms)
			ExecutionOrderSort2 (0ms)
			AwakeInstancesAfterBackupRestoration (0ms)
========================================================================
Worker process is ready to serve import requests
Begin MonoManager ReloadAssembly
Symbol file LoadedFromMemory doesn't match image E:\Github\Work\SAS-Game-Dev\SASWebGame\Library\PackageCache\com.unity.visualscripting@1.8.0\Editor\VisualScripting.Core\Dependencies\YamlDotNet\Unity.VisualScripting.YamlDotNet.dll
Symbol file LoadedFromMemory doesn't match image E:\Github\Work\SAS-Game-Dev\SASWebGame\Library\PackageCache\com.unity.visualscripting@1.8.0\Editor\VisualScripting.Core\Dependencies\DotNetZip\Unity.VisualScripting.IonicZip.dll
- Loaded All Assemblies, in  0.658 seconds
Refreshing native plugins compatible for Editor in 3.03 ms, found 3 plugins.
Native extension for WindowsStandalone target not found
Native extension for WebGL target not found
Mono: successfully reloaded assembly
- Finished resetting the current domain, in  0.583 seconds
Domain Reload Profiling:
	ReloadAssembly (190ms)
		BeginReloadAssembly (122ms)
			ExecutionOrderSort (0ms)
			DisableScriptedObjects (4ms)
			BackupInstance (0ms)
			ReleaseScriptingObjects (0ms)
			CreateAndSetChildDomain (20ms)
		LoadAllAssembliesAndSetupDomain (468ms)
			LoadAssemblies (248ms)
			RebuildTransferFunctionScriptingTraits (0ms)
			SetupTypeCache (289ms)
				TypeCache.Initialize (249ms)
					TypeCache.ScanAssembly (245ms)
				ResolveRequiredComponents (12ms)
		FinalizeReload (0ms)
			ReleaseScriptCaches (0ms)
			RebuildScriptCaches (0ms)
			SetupLoadedEditorAssemblies (384ms)
				LogAssemblyErrors (0ms)
				InitializePlatformSupportModulesInManaged (4ms)
				SetLoadedEditorAssemblies (3ms)
				RefreshPlugins (0ms)
				BeforeProcessingInitializeOnLoad (56ms)
				ProcessInitializeOnLoadAttributes (250ms)
				ProcessInitializeOnLoadMethodAttributes (70ms)
				AfterProcessingInitializeOnLoad (1ms)
				EditorAssembliesLoaded (0ms)
			ExecutionOrderSort2 (0ms)
			AwakeInstancesAfterBackupRestoration (5ms)
Launched and connected shader compiler UnityShaderCompiler.exe after 0.04 seconds
Refreshing native plugins compatible for Editor in 3.56 ms, found 3 plugins.
Preloading 0 native plugins for Editor in 0.00 ms.
Unloading 6361 Unused Serialized files (Serialized files now loaded: 0)
Unloading 83 unused Assets / (81.4 KB). Loaded Objects now: 6820.
Memory consumption went from 225.9 MB to 225.8 MB.
Total: 3.781200 ms (FindLiveObjects: 0.459600 ms CreateObjectMapping: 0.238600 ms MarkObjects: 2.917000 ms  DeleteObjects: 0.164900 ms)

AssetImportParameters requested are different than current active one (requested -> active):
  custom:container-demuxer-ogg: 62fdf1f143b41e24485cea50d1cbac27 -> 
  custom:framework-win-MediaFoundation: 216162199b28c13a410421893ffa2e32 -> 
  custom:container-muxer-webm: aa71ff27fc2769a1b78a27578f13a17b -> 
  custom:video-decoder-webm-vp8: 9c59270c3fd7afecdb556c50c9e8de78 -> 
  custom:AudioImporter_EditorPlatform: d09bf68614088b80899f8185d706f6e7 -> 
  custom:audio-decoder-ogg-vorbis: bf7c407c2cedff20999df2af8eb42d56 -> 
  custom:audio-encoder-webm-vorbis: bf7c407c2cedff20999df2af8eb42d56 -> 
  custom:video-codec-MediaFoundation-h265: 746d11721c4dcdbdad8f713fa42b33f4 -> 
  custom:video-decoder-ogg-theora: a1e56fd34408186e4bbccfd4996cb3dc -> 
  custom:container-demuxer-webm: 4f35f7cbe854078d1ac9338744f61a02 -> 
  custom:video-encoder-webm-vp8: eb34c28f22e8b96e1ab97ce403110664 -> 
========================================================================
Received Import Request.
  Time since last request: 85841.657544 seconds.
  path: Assets/UniversalRenderPipelineGlobalSettings.asset
  artifactKey: Guid(18dc0cd2c080841dea60987a38ce93fa) Importer(815301076,1909f56bfc062723c751e8b465ee728b)
Start importing Assets/UniversalRenderPipelineGlobalSettings.asset using Guid(18dc0cd2c080841dea60987a38ce93fa) Importer(815301076,1909f56bfc062723c751e8b465ee728b)  -> (artifact id: '0826c28cb0ac08c7995a8211ea1eb1f9') in 0.012791 seconds
Number of updated asset objects reloaded before import = 0
Number of asset objects unloaded after import = 1
========================================================================
Received Import Request.
  Time since last request: 4147.628458 seconds.
  path: Assets/_ArtAssets
  artifactKey: Guid(135255f028f2b23439b9217430003f9d) Importer(815301076,1909f56bfc062723c751e8b465ee728b)
Start importing Assets/_ArtAssets using Guid(135255f028f2b23439b9217430003f9d) Importer(815301076,1909f56bfc062723c751e8b465ee728b)  -> (artifact id: '2221a08829d6acd612c0a9bfdb1c93e0') in 0.012296 seconds
Number of updated asset objects reloaded before import = 0
Number of asset objects unloaded after import = 0
========================================================================
Received Import Request.
  Time since last request: 9.933910 seconds.
  path: Assets/Fungus/Thirdparty/FungusLua/Resources/Prefabs
  artifactKey: Guid(94ca1ff98b1a144009c9c9d9977fbe95) Importer(815301076,1909f56bfc062723c751e8b465ee728b)
Start importing Assets/Fungus/Thirdparty/FungusLua/Resources/Prefabs using Guid(94ca1ff98b1a144009c9c9d9977fbe95) Importer(815301076,1909f56bfc062723c751e8b465ee728b)  -> (artifact id: '684d99aad0726b682f33b04cc0effe7e') in 0.001585 seconds
Number of updated asset objects reloaded before import = 0
Number of asset objects unloaded after import = 0
========================================================================
Received Import Request.
  Time since last request: 2.291402 seconds.
  path: Assets/Fungus/Resources/Prefabs
  artifactKey: Guid(fc921ee1d765948f0b788694e06b4a4a) Importer(815301076,1909f56bfc062723c751e8b465ee728b)
Start importing Assets/Fungus/Resources/Prefabs using Guid(fc921ee1d765948f0b788694e06b4a4a) Importer(815301076,1909f56bfc062723c751e8b465ee728b)  -> (artifact id: '4aa7c72715150d66bfa9930afc941584') in 0.001365 seconds
Number of updated asset objects reloaded before import = 0
Number of asset objects unloaded after import = 0
========================================================================
Received Import Request.
  Time since last request: 2.010147 seconds.
  path: Assets/FungusExamples/FirstPerson/Prefabs
  artifactKey: Guid(36f9c1e443bda3d45bc8feba51b1d53a) Importer(815301076,1909f56bfc062723c751e8b465ee728b)
Start importing Assets/FungusExamples/FirstPerson/Prefabs using Guid(36f9c1e443bda3d45bc8feba51b1d53a) Importer(815301076,1909f56bfc062723c751e8b465ee728b)  -> (artifact id: '60782582b7bfe80fe21a767a17f62eaa') in 0.000580 seconds
Number of updated asset objects reloaded before import = 0
Number of asset objects unloaded after import = 0
========================================================================
Received Import Request.
  Time since last request: 0.881615 seconds.
  path: Assets/FungusExamples/Playground/Prefabs
  artifactKey: Guid(53a333df914f1ba42ad369c1f1ba3f03) Importer(815301076,1909f56bfc062723c751e8b465ee728b)
Start importing Assets/FungusExamples/Playground/Prefabs using Guid(53a333df914f1ba42ad369c1f1ba3f03) Importer(815301076,1909f56bfc062723c751e8b465ee728b)  -> (artifact id: '536744fb41b3a0e2de114d6a71307990') in 0.000905 seconds
Number of updated asset objects reloaded before import = 0
Number of asset objects unloaded after import = 0
========================================================================
Received Import Request.
  Time since last request: 1.273082 seconds.
  path: Assets/Prefabs
  artifactKey: Guid(6fadd22bf232ed04492465ddde11447c) Importer(815301076,1909f56bfc062723c751e8b465ee728b)
Start importing Assets/Prefabs using Guid(6fadd22bf232ed04492465ddde11447c) Importer(815301076,1909f56bfc062723c751e8b465ee728b)  -> (artifact id: '3cd018c648688fea7dcbaee558c99ae0') in 0.000463 seconds
Number of updated asset objects reloaded before import = 0
Number of asset objects unloaded after import = 0
========================================================================
Received Import Request.
  Time since last request: 0.815894 seconds.
  path: Assets/Prefabs/Canvas_PauseMenu.prefab
  artifactKey: Guid(d85738cc545d8bc46837913b5571fbbe) Importer(815301076,1909f56bfc062723c751e8b465ee728b)
Start importing Assets/Prefabs/Canvas_PauseMenu.prefab using Guid(d85738cc545d8bc46837913b5571fbbe) Importer(815301076,1909f56bfc062723c751e8b465ee728b)  -> (artifact id: '5d3758a10bacccdbef64cc57e1ccd7b6') in 0.399201 seconds
Number of updated asset objects reloaded before import = 0
Number of asset objects unloaded after import = 29
========================================================================
Received Import Request.
  Time since last request: 0.000018 seconds.
  path: Assets/Prefabs/DebugText.prefab
  artifactKey: Guid(22c41886ac63ced4c8aabff7ffb49130) Importer(815301076,1909f56bfc062723c751e8b465ee728b)
Start importing Assets/Prefabs/DebugText.prefab using Guid(22c41886ac63ced4c8aabff7ffb49130) Importer(815301076,1909f56bfc062723c751e8b465ee728b)  -> (artifact id: '0d0b47ad3a92c115e2626e6c1b3623a3') in 0.028660 seconds
Number of updated asset objects reloaded before import = 0
Number of asset objects unloaded after import = 10
========================================================================
Received Import Request.
  Time since last request: 0.000024 seconds.
  path: Assets/Prefabs/Invader_03.prefab
  artifactKey: Guid(30842353cba4fb94fa0ffe03f553f443) Importer(815301076,1909f56bfc062723c751e8b465ee728b)
Start importing Assets/Prefabs/Invader_03.prefab using Guid(30842353cba4fb94fa0ffe03f553f443) Importer(815301076,1909f56bfc062723c751e8b465ee728b)  -> (artifact id: '55288be94dd22f2dbbcefa43fb85bb03') in 0.413137 seconds
Number of updated asset objects reloaded before import = 0
Number of asset objects unloaded after import = 21
========================================================================
Received Import Request.
  Time since last request: 0.000018 seconds.
  path: Assets/Prefabs/MapSpot.prefab
  artifactKey: Guid(53901b5c4912b6746942c44576780ddf) Importer(815301076,1909f56bfc062723c751e8b465ee728b)
Start importing Assets/Prefabs/MapSpot.prefab using Guid(53901b5c4912b6746942c44576780ddf) Importer(815301076,1909f56bfc062723c751e8b465ee728b)  -> (artifact id: '3e16dcd8563fb9e28dacc8a656be7a9b') in 0.041061 seconds
Internal: There are remaining Allocations on the JobTempAlloc. This is a leak, and will impact performance
To Debug, run app with -diag-job-temp-memory-leak-validation cmd line argument. This will output the callstacks of the leaked allocations.
Number of updated asset objects reloaded before import = 0
Number of asset objects unloaded after import = 31
========================================================================
Received Import Request.
  Time since last request: 0.000025 seconds.
  path: Assets/Prefabs/Invader_Base.prefab
  artifactKey: Guid(6db2cd13f20a1024f92f2b60965a5de5) Importer(815301076,1909f56bfc062723c751e8b465ee728b)
Start importing Assets/Prefabs/Invader_Base.prefab using Guid(6db2cd13f20a1024f92f2b60965a5de5) Importer(815301076,1909f56bfc062723c751e8b465ee728b)  -> (artifact id: '93a7bd83d239a10949a25c4728f55d8d') in 0.003020 seconds
Internal: There are remaining Allocations on the JobTempAlloc. This is a leak, and will impact performance
To Debug, run app with -diag-job-temp-memory-leak-validation cmd line argument. This will output the callstacks of the leaked allocations.
Number of updated asset objects reloaded before import = 0
Number of asset objects unloaded after import = 7
========================================================================
Received Import Request.
  Time since last request: 0.000019 seconds.
  path: Assets/Prefabs/MenuBtn.prefab
  artifactKey: Guid(d11d7af98c5c2024dba3b00702592b72) Importer(815301076,1909f56bfc062723c751e8b465ee728b)
Start importing Assets/Prefabs/MenuBtn.prefab using Guid(d11d7af98c5c2024dba3b00702592b72) Importer(815301076,1909f56bfc062723c751e8b465ee728b)  -> (artifact id: 'a719bb2c233074aaa7cae367137b47de') in 0.015791 seconds
Internal: There are remaining Allocations on the JobTempAlloc. This is a leak, and will impact performance
To Debug, run app with -diag-job-temp-memory-leak-validation cmd line argument. This will output the callstacks of the leaked allocations.
Number of updated asset objects reloaded before import = 0
Number of asset objects unloaded after import = 15
========================================================================
Received Import Request.
  Time since last request: 35.637945 seconds.
  path: Assets/Prefabs/RetroButton.prefab
  artifactKey: Guid(b05ea2390a10c414ea41b5d20e437b0c) Importer(815301076,1909f56bfc062723c751e8b465ee728b)
Start importing Assets/Prefabs/RetroButton.prefab using Guid(b05ea2390a10c414ea41b5d20e437b0c) Importer(815301076,1909f56bfc062723c751e8b465ee728b)  -> (artifact id: '71ddd105711a07fc636b1aee602fb0a8') in 0.016729 seconds
Internal: There are remaining Allocations on the JobTempAlloc. This is a leak, and will impact performance
To Debug, run app with -diag-job-temp-memory-leak-validation cmd line argument. This will output the callstacks of the leaked allocations.
Number of updated asset objects reloaded before import = 0
Number of asset objects unloaded after import = 15
========================================================================
Received Import Request.
  Time since last request: 16.400320 seconds.
  path: Assets/_ArtAssets/Aleks/opening_car.shadergraph
  artifactKey: Guid(5049f010dc88e9549a253ae339bae377) Importer(815301076,1909f56bfc062723c751e8b465ee728b)
Start importing Assets/_ArtAssets/Aleks/opening_car.shadergraph using Guid(5049f010dc88e9549a253ae339bae377) Importer(815301076,1909f56bfc062723c751e8b465ee728b)  -> (artifact id: '8019761cc4808640c90b27215126fc7a') in 0.068061 seconds
Internal: There are remaining Allocations on the JobTempAlloc. This is a leak, and will impact performance
To Debug, run app with -diag-job-temp-memory-leak-validation cmd line argument. This will output the callstacks of the leaked allocations.
Number of updated asset objects reloaded before import = 0
Number of asset objects unloaded after import = 3
========================================================================
Received Import Request.
  Time since last request: 3.376478 seconds.
  path: Assets/_ArtAssets/Images/Opening/Opening_Title_x4.png
  artifactKey: Guid(ea7478670f2e0ed47bc4570c4d8b831b) Importer(815301076,1909f56bfc062723c751e8b465ee728b)
Start importing Assets/_ArtAssets/Images/Opening/Opening_Title_x4.png using Guid(ea7478670f2e0ed47bc4570c4d8b831b) Importer(815301076,1909f56bfc062723c751e8b465ee728b)  -> (artifact id: 'f724242dddd5f116ba7f3339cb93fb97') in 0.119867 seconds
Internal: There are remaining Allocations on the JobTempAlloc. This is a leak, and will impact performance
To Debug, run app with -diag-job-temp-memory-leak-validation cmd line argument. This will output the callstacks of the leaked allocations.
Number of updated asset objects reloaded before import = 0
Number of asset objects unloaded after import = 2
========================================================================
Received Import Request.
  Time since last request: 1.107548 seconds.
  path: Assets/_ArtAssets/FungusUI/SayDialog_Opening.prefab
  artifactKey: Guid(1101f5e09533a9e4f869b6539c0170e3) Importer(815301076,1909f56bfc062723c751e8b465ee728b)
Start importing Assets/_ArtAssets/FungusUI/SayDialog_Opening.prefab using Guid(1101f5e09533a9e4f869b6539c0170e3) Importer(815301076,1909f56bfc062723c751e8b465ee728b)  -> (artifact id: 'f3f63aebee659e2282ea3c08b7de7fa0') in 0.023458 seconds
Internal: There are remaining Allocations on the JobTempAlloc. This is a leak, and will impact performance
To Debug, run app with -diag-job-temp-memory-leak-validation cmd line argument. This will output the callstacks of the leaked allocations.
Number of updated asset objects reloaded before import = 0
Number of asset objects unloaded after import = 53
========================================================================
Received Prepare
Begin MonoManager ReloadAssembly
Internal: deleting an allocation that is older than its permitted lifetime of 4 frames (age = 7)
Internal: deleting an allocation that is older than its permitted lifetime of 4 frames (age = 7)
Symbol file LoadedFromMemory doesn't match image E:\Github\Work\SAS-Game-Dev\SASWebGame\Library\PackageCache\com.unity.visualscripting@1.8.0\Editor\VisualScripting.Core\Dependencies\YamlDotNet\Unity.VisualScripting.YamlDotNet.dll
Symbol file LoadedFromMemory doesn't match image E:\Github\Work\SAS-Game-Dev\SASWebGame\Library\PackageCache\com.unity.visualscripting@1.8.0\Editor\VisualScripting.Core\Dependencies\DotNetZip\Unity.VisualScripting.IonicZip.dll
- Loaded All Assemblies, in  0.949 seconds
Refreshing native plugins compatible for Editor in 3.36 ms, found 3 plugins.
Native extension for WindowsStandalone target not found
Native extension for WebGL target not found
Mono: successfully reloaded assembly
- Finished resetting the current domain, in  1.015 seconds
Domain Reload Profiling:
	ReloadAssembly (321ms)
		BeginReloadAssembly (257ms)
			ExecutionOrderSort (0ms)
			DisableScriptedObjects (18ms)
			BackupInstance (0ms)
			ReleaseScriptingObjects (0ms)
			CreateAndSetChildDomain (123ms)
		LoadAllAssembliesAndSetupDomain (628ms)
			LoadAssemblies (420ms)
			RebuildTransferFunctionScriptingTraits (0ms)
			SetupTypeCache (285ms)
				TypeCache.Initialize (271ms)
					TypeCache.ScanAssembly (259ms)
				ResolveRequiredComponents (14ms)
		FinalizeReload (0ms)
			ReleaseScriptCaches (0ms)
			RebuildScriptCaches (0ms)
			SetupLoadedEditorAssemblies (362ms)
				LogAssemblyErrors (0ms)
				InitializePlatformSupportModulesInManaged (4ms)
				SetLoadedEditorAssemblies (5ms)
				RefreshPlugins (0ms)
				BeforeProcessingInitializeOnLoad (70ms)
				ProcessInitializeOnLoadAttributes (214ms)
				ProcessInitializeOnLoadMethodAttributes (68ms)
				AfterProcessingInitializeOnLoad (2ms)
				EditorAssembliesLoaded (0ms)
			ExecutionOrderSort2 (0ms)
			AwakeInstancesAfterBackupRestoration (19ms)
Refreshing native plugins compatible for Editor in 3.39 ms, found 3 plugins.
Preloading 0 native plugins for Editor in 0.00 ms.
Unloading 6195 Unused Serialized files (Serialized files now loaded: 0)
Unloading 50 unused Assets / (38.1 KB). Loaded Objects now: 6908.
Memory consumption went from 202.4 MB to 202.4 MB.
Total: 4.211600 ms (FindLiveObjects: 0.448400 ms CreateObjectMapping: 0.230700 ms MarkObjects: 3.447400 ms  DeleteObjects: 0.083800 ms)

Prepare: number of updated asset objects reloaded= 0
AssetImportParameters requested are different than current active one (requested -> active):
  custom:container-demuxer-ogg: 62fdf1f143b41e24485cea50d1cbac27 -> 
  custom:framework-win-MediaFoundation: 216162199b28c13a410421893ffa2e32 -> 
  custom:container-muxer-webm: aa71ff27fc2769a1b78a27578f13a17b -> 
  custom:video-decoder-webm-vp8: 9c59270c3fd7afecdb556c50c9e8de78 -> 
  custom:AudioImporter_EditorPlatform: d09bf68614088b80899f8185d706f6e7 -> 
  custom:audio-decoder-ogg-vorbis: bf7c407c2cedff20999df2af8eb42d56 -> 
  custom:audio-encoder-webm-vorbis: bf7c407c2cedff20999df2af8eb42d56 -> 
  custom:video-codec-MediaFoundation-h265: 746d11721c4dcdbdad8f713fa42b33f4 -> 
  custom:video-decoder-ogg-theora: a1e56fd34408186e4bbccfd4996cb3dc -> 
  custom:container-demuxer-webm: 4f35f7cbe854078d1ac9338744f61a02 -> 
  custom:video-encoder-webm-vp8: eb34c28f22e8b96e1ab97ce403110664 -> 
========================================================================
Received Prepare
Begin MonoManager ReloadAssembly
Symbol file LoadedFromMemory doesn't match image E:\Github\Work\SAS-Game-Dev\SASWebGame\Library\PackageCache\com.unity.visualscripting@1.8.0\Editor\VisualScripting.Core\Dependencies\YamlDotNet\Unity.VisualScripting.YamlDotNet.dll
Symbol file LoadedFromMemory doesn't match image E:\Github\Work\SAS-Game-Dev\SASWebGame\Library\PackageCache\com.unity.visualscripting@1.8.0\Editor\VisualScripting.Core\Dependencies\DotNetZip\Unity.VisualScripting.IonicZip.dll
- Loaded All Assemblies, in  0.608 seconds
Refreshing native plugins compatible for Editor in 3.47 ms, found 3 plugins.
Native extension for WindowsStandalone target not found
Native extension for WebGL target not found
Mono: successfully reloaded assembly
- Finished resetting the current domain, in  0.927 seconds
Domain Reload Profiling:
	ReloadAssembly (201ms)
		BeginReloadAssembly (140ms)
			ExecutionOrderSort (0ms)
			DisableScriptedObjects (6ms)
			BackupInstance (0ms)
			ReleaseScriptingObjects (0ms)
			CreateAndSetChildDomain (35ms)
		LoadAllAssembliesAndSetupDomain (407ms)
			LoadAssemblies (212ms)
			RebuildTransferFunctionScriptingTraits (0ms)
			SetupTypeCache (267ms)
				TypeCache.Initialize (233ms)
					TypeCache.ScanAssembly (228ms)
				ResolveRequiredComponents (34ms)
		FinalizeReload (0ms)
			ReleaseScriptCaches (0ms)
			RebuildScriptCaches (0ms)
			SetupLoadedEditorAssemblies (366ms)
				LogAssemblyErrors (0ms)
				InitializePlatformSupportModulesInManaged (5ms)
				SetLoadedEditorAssemblies (3ms)
				RefreshPlugins (0ms)
				BeforeProcessingInitializeOnLoad (66ms)
				ProcessInitializeOnLoadAttributes (232ms)
				ProcessInitializeOnLoadMethodAttributes (58ms)
				AfterProcessingInitializeOnLoad (2ms)
				EditorAssembliesLoaded (0ms)
			ExecutionOrderSort2 (0ms)
			AwakeInstancesAfterBackupRestoration (18ms)
Refreshing native plugins compatible for Editor in 3.12 ms, found 3 plugins.
Preloading 0 native plugins for Editor in 0.00 ms.
Unloading 6195 Unused Serialized files (Serialized files now loaded: 0)
Unloading 50 unused Assets / (37.0 KB). Loaded Objects now: 6912.
Memory consumption went from 202.4 MB to 202.3 MB.
Total: 3.764500 ms (FindLiveObjects: 0.576400 ms CreateObjectMapping: 0.384400 ms MarkObjects: 2.724600 ms  DeleteObjects: 0.078000 ms)

Prepare: number of updated asset objects reloaded= 0
AssetImportParameters requested are different than current active one (requested -> active):
  custom:container-demuxer-ogg: 62fdf1f143b41e24485cea50d1cbac27 -> 
  custom:framework-win-MediaFoundation: 216162199b28c13a410421893ffa2e32 -> 
  custom:container-muxer-webm: aa71ff27fc2769a1b78a27578f13a17b -> 
  custom:video-decoder-webm-vp8: 9c59270c3fd7afecdb556c50c9e8de78 -> 
  custom:AudioImporter_EditorPlatform: d09bf68614088b80899f8185d706f6e7 -> 
  custom:audio-decoder-ogg-vorbis: bf7c407c2cedff20999df2af8eb42d56 -> 
  custom:audio-encoder-webm-vorbis: bf7c407c2cedff20999df2af8eb42d56 -> 
  custom:video-codec-MediaFoundation-h265: 746d11721c4dcdbdad8f713fa42b33f4 -> 
  custom:video-decoder-ogg-theora: a1e56fd34408186e4bbccfd4996cb3dc -> 
  custom:container-demuxer-webm: 4f35f7cbe854078d1ac9338744f61a02 -> 
  custom:video-encoder-webm-vp8: eb34c28f22e8b96e1ab97ce403110664 -> 
TcpMessagingSession - receive error
AssetImportWorkerClient::OnTransportError - code=10054 error=远程主机强迫关闭了一个现有的连接。
